[ 2016-11-29T11:54:39+08:00 ] 127.0.0.1 /cmf/
INFO: [ app_init ] --START--
INFO: Run Behavior\BuildLiteBehavior [ RunTime:0.000000s ]
INFO: [ app_init ] --END-- [ RunTime:0.029002s ]
NOTIC: [2] mysqli_get_server_info() expects exactly 1 parameter, 0 given E:\WWW\cmf\App\Manager\Conf\config.php 第 17 行.
INFO: [ app_begin ] --START--
INFO: Run Behavior\ReadHtmlCacheBehavior [ RunTime:0.001000s ]
INFO: [ app_begin ] --END-- [ RunTime:0.001000s ]
INFO: [ view_parse ] --START--
INFO: [ template_filter ] --START--
INFO: Run Behavior\ContentReplaceBehavior [ RunTime:0.001000s ]
INFO: [ template_filter ] --END-- [ RunTime:0.001000s ]
NOTIC: [8] Undefined variable: menus E:\WWW\cmf\Runtime\Cache\Manager\e19d6813572e6bf15f5804141cddee4b.php 第 136 行.
INFO: Run Behavior\ParseTemplateBehavior [ RunTime:0.101006s ]
INFO: [ view_parse ] --END-- [ RunTime:0.101006s ]
INFO: [ view_filter ] --START--
INFO: Run Behavior\WriteHtmlCacheBehavior [ RunTime:0.001000s ]
INFO: [ view_filter ] --END-- [ RunTime:0.001000s ]
INFO: [ app_end ] --START--
INFO: Run Behavior\ShowPageTraceBehavior [ RunTime:0.002000s ]
INFO: [ app_end ] --END-- [ RunTime:0.002000s ]

[ 2016-11-29T12:02:33+08:00 ] 127.0.0.1 /
INFO: [ app_init ] --START--
INFO: Run Behavior\BuildLiteBehavior [ RunTime:0.000000s ]
INFO: [ app_init ] --END-- [ RunTime:0.000000s ]
NOTIC: [2] mysqli_get_server_info() expects exactly 1 parameter, 0 given E:\WWW\cmf\App\Manager\Conf\config.php 第 17 行.
INFO: [ app_begin ] --START--
INFO: Run Behavior\ReadHtmlCacheBehavior [ RunTime:0.001001s ]
INFO: [ app_begin ] --END-- [ RunTime:0.001001s ]
INFO: [ view_parse ] --START--
INFO: [ template_filter ] --START--
INFO: Run Behavior\ContentReplaceBehavior [ RunTime:0.000000s ]
INFO: [ template_filter ] --END-- [ RunTime:0.000000s ]
NOTIC: [8] Undefined variable: menus E:\WWW\cmf\Runtime\Cache\Manager\e19d6813572e6bf15f5804141cddee4b.php 第 136 行.
INFO: Run Behavior\ParseTemplateBehavior [ RunTime:0.038002s ]
INFO: [ view_parse ] --END-- [ RunTime:0.038002s ]
INFO: [ view_filter ] --START--
INFO: Run Behavior\WriteHtmlCacheBehavior [ RunTime:0.001000s ]
INFO: [ view_filter ] --END-- [ RunTime:0.001000s ]
INFO: [ app_end ] --START--
INFO: Run Behavior\ShowPageTraceBehavior [ RunTime:0.000000s ]
INFO: [ app_end ] --END-- [ RunTime:0.000000s ]

[ 2016-11-29T12:04:59+08:00 ] 127.0.0.1 /Index/index.html
INFO: [ app_init ] --START--
INFO: Run Behavior\BuildLiteBehavior [ RunTime:0.000000s ]
INFO: [ app_init ] --END-- [ RunTime:0.001000s ]
NOTIC: [2] mysqli_get_server_info() expects exactly 1 parameter, 0 given E:\WWW\cmf\App\Manager\Conf\config.php 第 17 行.
INFO: [ app_begin ] --START--
INFO: Run Behavior\ReadHtmlCacheBehavior [ RunTime:0.000000s ]
INFO: [ app_begin ] --END-- [ RunTime:0.000000s ]
INFO: [ view_parse ] --START--
INFO: [ template_filter ] --START--
INFO: Run Behavior\ContentReplaceBehavior [ RunTime:0.000000s ]
INFO: [ template_filter ] --END-- [ RunTime:0.000000s ]
NOTIC: [8] Undefined variable: menus E:\WWW\cmf\Runtime\Cache\Manager\e19d6813572e6bf15f5804141cddee4b.php 第 136 行.
INFO: Run Behavior\ParseTemplateBehavior [ RunTime:0.016000s ]
INFO: [ view_parse ] --END-- [ RunTime:0.016000s ]
INFO: [ view_filter ] --START--
INFO: Run Behavior\WriteHtmlCacheBehavior [ RunTime:0.000000s ]
INFO: [ view_filter ] --END-- [ RunTime:0.000000s ]
INFO: [ app_end ] --START--
INFO: Run Behavior\ShowPageTraceBehavior [ RunTime:0.001001s ]
INFO: [ app_end ] --END-- [ RunTime:0.001001s ]

[ 2016-11-29T12:05:49+08:00 ] 127.0.0.1 /Index/index.html
INFO: [ app_init ] --START--
INFO: Run Behavior\BuildLiteBehavior [ RunTime:0.000000s ]
INFO: [ app_init ] --END-- [ RunTime:0.001000s ]
NOTIC: [2] mysqli_get_server_info() expects exactly 1 parameter, 0 given E:\WWW\cmf\App\Manager\Conf\config.php 第 17 行.
INFO: [ app_begin ] --START--
INFO: Run Behavior\ReadHtmlCacheBehavior [ RunTime:0.001000s ]
INFO: [ app_begin ] --END-- [ RunTime:0.001000s ]

[ 2016-11-29T12:05:49+08:00 ] 127.0.0.1 /Login/index.html
INFO: [ app_init ] --START--
INFO: Run Behavior\BuildLiteBehavior [ RunTime:0.000000s ]
INFO: [ app_init ] --END-- [ RunTime:0.001000s ]
NOTIC: [2] mysqli_get_server_info() expects exactly 1 parameter, 0 given E:\WWW\cmf\App\Manager\Conf\config.php 第 17 行.
INFO: [ app_begin ] --START--
INFO: Run Behavior\ReadHtmlCacheBehavior [ RunTime:0.001000s ]
INFO: [ app_begin ] --END-- [ RunTime:0.001000s ]
SQL: SHOW COLUMNS FROM `hx_admin_user` [ RunTime:0.0390s ]
INFO: [ view_parse ] --START--
INFO: [ template_filter ] --START--
INFO: Run Behavior\ContentReplaceBehavior [ RunTime:0.000000s ]
INFO: [ template_filter ] --END-- [ RunTime:0.000000s ]
INFO: Run Behavior\ParseTemplateBehavior [ RunTime:0.036002s ]
INFO: [ view_parse ] --END-- [ RunTime:0.036002s ]
INFO: [ view_filter ] --START--
INFO: Run Behavior\WriteHtmlCacheBehavior [ RunTime:0.000000s ]
INFO: [ view_filter ] --END-- [ RunTime:0.000000s ]
INFO: [ app_end ] --START--
INFO: Run Behavior\ShowPageTraceBehavior [ RunTime:0.001000s ]
INFO: [ app_end ] --END-- [ RunTime:0.001000s ]

[ 2016-11-29T12:05:49+08:00 ] 127.0.0.1 /Login/verify.html
INFO: [ app_init ] --START--
INFO: Run Behavior\BuildLiteBehavior [ RunTime:0.000000s ]
INFO: [ app_init ] --END-- [ RunTime:0.000000s ]
NOTIC: [2] mysqli_get_server_info() expects exactly 1 parameter, 0 given E:\WWW\cmf\App\Manager\Conf\config.php 第 17 行.
INFO: [ app_begin ] --START--
INFO: Run Behavior\ReadHtmlCacheBehavior [ RunTime:0.000000s ]
INFO: [ app_begin ] --END-- [ RunTime:0.000000s ]
SQL: SHOW COLUMNS FROM `hx_admin_user` [ RunTime:0.0060s ]
INFO: [ app_end ] --START--
INFO: Run Behavior\ShowPageTraceBehavior [ RunTime:0.000000s ]
INFO: [ app_end ] --END-- [ RunTime:0.000000s ]

[ 2016-11-29T12:05:57+08:00 ] 127.0.0.1 /Login/index.html
INFO: [ app_init ] --START--
INFO: Run Behavior\BuildLiteBehavior [ RunTime:0.000000s ]
INFO: [ app_init ] --END-- [ RunTime:0.000000s ]
NOTIC: [2] mysqli_get_server_info() expects exactly 1 parameter, 0 given E:\WWW\cmf\App\Manager\Conf\config.php 第 17 行.
INFO: [ app_begin ] --START--
INFO: Run Behavior\ReadHtmlCacheBehavior [ RunTime:0.001000s ]
INFO: [ app_begin ] --END-- [ RunTime:0.001000s ]
SQL: SHOW COLUMNS FROM `hx_admin_user` [ RunTime:0.0060s ]
SQL: SELECT * FROM `hx_admin_user` WHERE `username` = 'admin' LIMIT 1   [ RunTime:0.0000s ]
SQL: UPDATE `hx_admin_user` SET `last_time`='2016-11-29 12:05:57',`last_ip`='127.0.0.1' WHERE `id` = 1 [ RunTime:0.0360s ]

[ 2016-11-29T12:05:58+08:00 ] 127.0.0.1 /Index/index.html
INFO: [ app_init ] --START--
INFO: Run Behavior\BuildLiteBehavior [ RunTime:0.000000s ]
INFO: [ app_init ] --END-- [ RunTime:0.001000s ]
NOTIC: [2] mysqli_get_server_info() expects exactly 1 parameter, 0 given E:\WWW\cmf\App\Manager\Conf\config.php 第 17 行.
INFO: [ app_begin ] --START--
INFO: Run Behavior\ReadHtmlCacheBehavior [ RunTime:0.000000s ]
INFO: [ app_begin ] --END-- [ RunTime:0.000000s ]
SQL: SHOW COLUMNS FROM `hx_auth_rule` [ RunTime:0.0250s ]
SQL: SELECT `pid` FROM `hx_auth_rule` WHERE `name` = 'Manager/Index/index' LIMIT 1   [ RunTime:0.0000s ]
SQL: SELECT `pid` FROM `hx_auth_rule` WHERE `id` = null LIMIT 1   [ RunTime:0.0000s ]
SQL: SHOW COLUMNS FROM `hx_auth_group_access` [ RunTime:0.0170s ]
SQL: SELECT `uid`,`group_id`,`title`,`rules` FROM hx_auth_group_access a INNER JOIN hx_auth_group g on a.group_id=g.id  WHERE ( a.uid='1' and g.status='1' )  [ RunTime:0.0010s ]
SQL: SELECT * FROM `hx_auth_rule` WHERE `status` = 1 AND `menu` = 1 AND `id` IN ('54','55','56','57','58','59','60','61','62','63','64','65','66','67','68','69','70','71','1','2','3','4','5','12','13','14','15','16','23','7','8','9','10','11','17','18','19','20','21','80','81','82','83','72','73','74','75','76','77','78','79','37','38','39','40','41','42','24','25','26','27','28','29','30','31','32','33','34','35','36')  [ RunTime:0.0010s ]
NOTIC: [2] in_array() expects parameter 2 to be array, null given E:\WWW\cmf\App\Common\Common\function.php 第 15 行.
NOTIC: [2] in_array() expects parameter 2 to be array, null given E:\WWW\cmf\App\Common\Common\function.php 第 15 行.
NOTIC: [2] in_array() expects parameter 2 to be array, null given E:\WWW\cmf\App\Common\Common\function.php 第 15 行.
NOTIC: [2] in_array() expects parameter 2 to be array, null given E:\WWW\cmf\App\Common\Common\function.php 第 15 行.
NOTIC: [2] in_array() expects parameter 2 to be array, null given E:\WWW\cmf\App\Common\Common\function.php 第 15 行.
NOTIC: [2] in_array() expects parameter 2 to be array, null given E:\WWW\cmf\App\Common\Common\function.php 第 15 行.
NOTIC: [2] in_array() expects parameter 2 to be array, null given E:\WWW\cmf\App\Common\Common\function.php 第 15 行.
NOTIC: [2] in_array() expects parameter 2 to be array, null given E:\WWW\cmf\App\Common\Common\function.php 第 15 行.
NOTIC: [2] in_array() expects parameter 2 to be array, null given E:\WWW\cmf\App\Common\Common\function.php 第 15 行.
NOTIC: [2] in_array() expects parameter 2 to be array, null given E:\WWW\cmf\App\Common\Common\function.php 第 15 行.
NOTIC: [2] in_array() expects parameter 2 to be array, null given E:\WWW\cmf\App\Common\Common\function.php 第 15 行.
NOTIC: [2] in_array() expects parameter 2 to be array, null given E:\WWW\cmf\App\Common\Common\function.php 第 15 行.
NOTIC: [2] in_array() expects parameter 2 to be array, null given E:\WWW\cmf\App\Common\Common\function.php 第 15 行.
NOTIC: [2] in_array() expects parameter 2 to be array, null given E:\WWW\cmf\App\Common\Common\function.php 第 15 行.
NOTIC: [2] in_array() expects parameter 2 to be array, null given E:\WWW\cmf\App\Common\Common\function.php 第 15 行.
NOTIC: [2] in_array() expects parameter 2 to be array, null given E:\WWW\cmf\App\Common\Common\function.php 第 15 行.
NOTIC: [2] in_array() expects parameter 2 to be array, null given E:\WWW\cmf\App\Common\Common\function.php 第 15 行.
NOTIC: [2] in_array() expects parameter 2 to be array, null given E:\WWW\cmf\App\Common\Common\function.php 第 15 行.
NOTIC: [2] in_array() expects parameter 2 to be array, null given E:\WWW\cmf\App\Common\Common\function.php 第 15 行.
NOTIC: [2] in_array() expects parameter 2 to be array, null given E:\WWW\cmf\App\Common\Common\function.php 第 15 行.
NOTIC: [2] in_array() expects parameter 2 to be array, null given E:\WWW\cmf\App\Common\Common\function.php 第 15 行.
NOTIC: [2] in_array() expects parameter 2 to be array, null given E:\WWW\cmf\App\Common\Common\function.php 第 15 行.
NOTIC: [2] in_array() expects parameter 2 to be array, null given E:\WWW\cmf\App\Common\Common\function.php 第 15 行.
NOTIC: [2] in_array() expects parameter 2 to be array, null given E:\WWW\cmf\App\Common\Common\function.php 第 15 行.
NOTIC: [2] in_array() expects parameter 2 to be array, null given E:\WWW\cmf\App\Common\Common\function.php 第 15 行.
NOTIC: [2] in_array() expects parameter 2 to be array, null given E:\WWW\cmf\App\Common\Common\function.php 第 15 行.
NOTIC: [2] in_array() expects parameter 2 to be array, null given E:\WWW\cmf\App\Common\Common\function.php 第 15 行.
NOTIC: [2] in_array() expects parameter 2 to be array, null given E:\WWW\cmf\App\Common\Common\function.php 第 15 行.
NOTIC: [2] in_array() expects parameter 2 to be array, null given E:\WWW\cmf\App\Common\Common\function.php 第 15 行.
NOTIC: [2] in_array() expects parameter 2 to be array, null given E:\WWW\cmf\App\Common\Common\function.php 第 15 行.
NOTIC: [2] in_array() expects parameter 2 to be array, null given E:\WWW\cmf\App\Common\Common\function.php 第 15 行.
NOTIC: [2] in_array() expects parameter 2 to be array, null given E:\WWW\cmf\App\Common\Common\function.php 第 15 行.
NOTIC: [2] in_array() expects parameter 2 to be array, null given E:\WWW\cmf\App\Common\Common\function.php 第 15 行.
NOTIC: [2] in_array() expects parameter 2 to be array, null given E:\WWW\cmf\App\Common\Common\function.php 第 15 行.
NOTIC: [2] in_array() expects parameter 2 to be array, null given E:\WWW\cmf\App\Common\Common\function.php 第 15 行.
NOTIC: [2] in_array() expects parameter 2 to be array, null given E:\WWW\cmf\App\Common\Common\function.php 第 15 行.
NOTIC: [2] in_array() expects parameter 2 to be array, null given E:\WWW\cmf\App\Common\Common\function.php 第 15 行.
NOTIC: [2] in_array() expects parameter 2 to be array, null given E:\WWW\cmf\App\Common\Common\function.php 第 15 行.
NOTIC: [2] in_array() expects parameter 2 to be array, null given E:\WWW\cmf\App\Common\Common\function.php 第 15 行.
NOTIC: [2] in_array() expects parameter 2 to be array, null given E:\WWW\cmf\App\Common\Common\function.php 第 15 行.
NOTIC: [2] in_array() expects parameter 2 to be array, null given E:\WWW\cmf\App\Common\Common\function.php 第 15 行.
NOTIC: [2] in_array() expects parameter 2 to be array, null given E:\WWW\cmf\App\Common\Common\function.php 第 15 行.
NOTIC: [2] in_array() expects parameter 2 to be array, null given E:\WWW\cmf\App\Common\Common\function.php 第 15 行.
NOTIC: [2] in_array() expects parameter 2 to be array, null given E:\WWW\cmf\App\Common\Common\function.php 第 15 行.
NOTIC: [2] in_array() expects parameter 2 to be array, null given E:\WWW\cmf\App\Common\Common\function.php 第 15 行.
NOTIC: [2] in_array() expects parameter 2 to be array, null given E:\WWW\cmf\App\Common\Common\function.php 第 15 行.
NOTIC: [2] in_array() expects parameter 2 to be array, null given E:\WWW\cmf\App\Common\Common\function.php 第 15 行.
NOTIC: [2] in_array() expects parameter 2 to be array, null given E:\WWW\cmf\App\Common\Common\function.php 第 15 行.
NOTIC: [2] in_array() expects parameter 2 to be array, null given E:\WWW\cmf\App\Common\Common\function.php 第 15 行.
NOTIC: [2] in_array() expects parameter 2 to be array, null given E:\WWW\cmf\App\Common\Common\function.php 第 15 行.
NOTIC: [2] in_array() expects parameter 2 to be array, null given E:\WWW\cmf\App\Common\Common\function.php 第 15 行.
NOTIC: [2] in_array() expects parameter 2 to be array, null given E:\WWW\cmf\App\Common\Common\function.php 第 15 行.
NOTIC: [2] in_array() expects parameter 2 to be array, null given E:\WWW\cmf\App\Common\Common\function.php 第 15 行.
NOTIC: [2] in_array() expects parameter 2 to be array, null given E:\WWW\cmf\App\Common\Common\function.php 第 15 行.
NOTIC: [2] in_array() expects parameter 2 to be array, null given E:\WWW\cmf\App\Common\Common\function.php 第 15 行.
NOTIC: [2] in_array() expects parameter 2 to be array, null given E:\WWW\cmf\App\Common\Common\function.php 第 15 行.
NOTIC: [2] in_array() expects parameter 2 to be array, null given E:\WWW\cmf\App\Common\Common\function.php 第 15 行.
NOTIC: [2] in_array() expects parameter 2 to be array, null given E:\WWW\cmf\App\Common\Common\function.php 第 15 行.
NOTIC: [2] in_array() expects parameter 2 to be array, null given E:\WWW\cmf\App\Common\Common\function.php 第 15 行.
NOTIC: [2] in_array() expects parameter 2 to be array, null given E:\WWW\cmf\App\Common\Common\function.php 第 15 行.
NOTIC: [2] in_array() expects parameter 2 to be array, null given E:\WWW\cmf\App\Common\Common\function.php 第 15 行.
NOTIC: [2] in_array() expects parameter 2 to be array, null given E:\WWW\cmf\App\Common\Common\function.php 第 15 行.
NOTIC: [2] in_array() expects parameter 2 to be array, null given E:\WWW\cmf\App\Common\Common\function.php 第 15 行.
NOTIC: [2] in_array() expects parameter 2 to be array, null given E:\WWW\cmf\App\Common\Common\function.php 第 15 行.
NOTIC: [2] in_array() expects parameter 2 to be array, null given E:\WWW\cmf\App\Common\Common\function.php 第 15 行.
NOTIC: [2] in_array() expects parameter 2 to be array, null given E:\WWW\cmf\App\Common\Common\function.php 第 15 行.
NOTIC: [2] in_array() expects parameter 2 to be array, null given E:\WWW\cmf\App\Common\Common\function.php 第 15 行.
NOTIC: [2] in_array() expects parameter 2 to be array, null given E:\WWW\cmf\App\Common\Common\function.php 第 15 行.
NOTIC: [2] in_array() expects parameter 2 to be array, null given E:\WWW\cmf\App\Common\Common\function.php 第 15 行.
NOTIC: [2] in_array() expects parameter 2 to be array, null given E:\WWW\cmf\App\Common\Common\function.php 第 15 行.
NOTIC: [2] in_array() expects parameter 2 to be array, null given E:\WWW\cmf\App\Common\Common\function.php 第 15 行.
NOTIC: [2] in_array() expects parameter 2 to be array, null given E:\WWW\cmf\App\Common\Common\function.php 第 15 行.
NOTIC: [2] in_array() expects parameter 2 to be array, null given E:\WWW\cmf\App\Common\Common\function.php 第 15 行.
NOTIC: [2] in_array() expects parameter 2 to be array, null given E:\WWW\cmf\App\Common\Common\function.php 第 15 行.
NOTIC: [2] in_array() expects parameter 2 to be array, null given E:\WWW\cmf\App\Common\Common\function.php 第 15 行.
NOTIC: [2] in_array() expects parameter 2 to be array, null given E:\WWW\cmf\App\Common\Common\function.php 第 15 行.
NOTIC: [2] in_array() expects parameter 2 to be array, null given E:\WWW\cmf\App\Common\Common\function.php 第 15 行.
NOTIC: [2] in_array() expects parameter 2 to be array, null given E:\WWW\cmf\App\Common\Common\function.php 第 15 行.
NOTIC: [2] in_array() expects parameter 2 to be array, null given E:\WWW\cmf\App\Common\Common\function.php 第 15 行.
NOTIC: [2] in_array() expects parameter 2 to be array, null given E:\WWW\cmf\App\Common\Common\function.php 第 15 行.
NOTIC: [2] in_array() expects parameter 2 to be array, null given E:\WWW\cmf\App\Common\Common\function.php 第 15 行.
NOTIC: [2] in_array() expects parameter 2 to be array, null given E:\WWW\cmf\App\Common\Common\function.php 第 15 行.
NOTIC: [2] in_array() expects parameter 2 to be array, null given E:\WWW\cmf\App\Common\Common\function.php 第 15 行.
NOTIC: [2] in_array() expects parameter 2 to be array, null given E:\WWW\cmf\App\Common\Common\function.php 第 15 行.
NOTIC: [2] in_array() expects parameter 2 to be array, null given E:\WWW\cmf\App\Common\Common\function.php 第 15 行.
NOTIC: [2] in_array() expects parameter 2 to be array, null given E:\WWW\cmf\App\Common\Common\function.php 第 15 行.
NOTIC: [2] in_array() expects parameter 2 to be array, null given E:\WWW\cmf\App\Common\Common\function.php 第 15 行.
NOTIC: [2] in_array() expects parameter 2 to be array, null given E:\WWW\cmf\App\Common\Common\function.php 第 15 行.
INFO: [ view_parse ] --START--
INFO: [ template_filter ] --START--
INFO: Run Behavior\ContentReplaceBehavior [ RunTime:0.000000s ]
INFO: [ template_filter ] --END-- [ RunTime:0.000000s ]
INFO: Run Behavior\ParseTemplateBehavior [ RunTime:0.009001s ]
INFO: [ view_parse ] --END-- [ RunTime:0.009001s ]
INFO: [ view_filter ] --START--
INFO: Run Behavior\WriteHtmlCacheBehavior [ RunTime:0.000000s ]
INFO: [ view_filter ] --END-- [ RunTime:0.001000s ]
INFO: [ app_end ] --START--
INFO: Run Behavior\ShowPageTraceBehavior [ RunTime:0.000000s ]
INFO: [ app_end ] --END-- [ RunTime:0.000000s ]

[ 2016-11-29T14:23:54+08:00 ] 127.0.0.1 /Index/index.html
INFO: [ app_init ] --START--
INFO: Run Behavior\BuildLiteBehavior [ RunTime:0.000000s ]
INFO: [ app_init ] --END-- [ RunTime:0.001000s ]
NOTIC: [2] mysqli_get_server_info() expects exactly 1 parameter, 0 given E:\WWW\cmf\App\Manager\Conf\config.php 第 17 行.
INFO: [ app_begin ] --START--
INFO: Run Behavior\ReadHtmlCacheBehavior [ RunTime:0.000000s ]
INFO: [ app_begin ] --END-- [ RunTime:0.000000s ]

[ 2016-11-29T14:23:54+08:00 ] 127.0.0.1 /Login/index.html
INFO: [ app_init ] --START--
INFO: Run Behavior\BuildLiteBehavior [ RunTime:0.000000s ]
INFO: [ app_init ] --END-- [ RunTime:0.000000s ]
NOTIC: [2] mysqli_get_server_info() expects exactly 1 parameter, 0 given E:\WWW\cmf\App\Manager\Conf\config.php 第 17 行.
INFO: [ app_begin ] --START--
INFO: Run Behavior\ReadHtmlCacheBehavior [ RunTime:0.000000s ]
INFO: [ app_begin ] --END-- [ RunTime:0.000000s ]
SQL: SHOW COLUMNS FROM `hx_admin_user` [ RunTime:0.0230s ]
INFO: [ view_parse ] --START--
INFO: [ template_filter ] --START--
INFO: Run Behavior\ContentReplaceBehavior [ RunTime:0.000000s ]
INFO: [ template_filter ] --END-- [ RunTime:0.000000s ]
INFO: Run Behavior\ParseTemplateBehavior [ RunTime:0.006001s ]
INFO: [ view_parse ] --END-- [ RunTime:0.006001s ]
INFO: [ view_filter ] --START--
INFO: Run Behavior\WriteHtmlCacheBehavior [ RunTime:0.000000s ]
INFO: [ view_filter ] --END-- [ RunTime:0.001000s ]
INFO: [ app_end ] --START--
INFO: Run Behavior\ShowPageTraceBehavior [ RunTime:0.000000s ]
INFO: [ app_end ] --END-- [ RunTime:0.000000s ]

[ 2016-11-29T14:23:55+08:00 ] 127.0.0.1 /Login/verify.html
INFO: [ app_init ] --START--
INFO: Run Behavior\BuildLiteBehavior [ RunTime:0.000000s ]
INFO: [ app_init ] --END-- [ RunTime:0.000000s ]
NOTIC: [2] mysqli_get_server_info() expects exactly 1 parameter, 0 given E:\WWW\cmf\App\Manager\Conf\config.php 第 17 行.
INFO: [ app_begin ] --START--
INFO: Run Behavior\ReadHtmlCacheBehavior [ RunTime:0.000000s ]
INFO: [ app_begin ] --END-- [ RunTime:0.000000s ]
SQL: SHOW COLUMNS FROM `hx_admin_user` [ RunTime:0.0060s ]
INFO: [ app_end ] --START--
INFO: Run Behavior\ShowPageTraceBehavior [ RunTime:0.000000s ]
INFO: [ app_end ] --END-- [ RunTime:0.000000s ]

[ 2016-11-29T14:23:55+08:00 ] 127.0.0.1 /favicon.ico
INFO: [ app_init ] --START--
INFO: Run Behavior\BuildLiteBehavior [ RunTime:0.000000s ]
INFO: [ app_init ] --END-- [ RunTime:0.001000s ]
NOTIC: [2] mysqli_get_server_info() expects exactly 1 parameter, 0 given E:\WWW\cmf\App\Manager\Conf\config.php 第 17 行.

[ 2016-11-29T14:24:13+08:00 ] 127.0.0.1 /Login/index.html
INFO: [ app_init ] --START--
INFO: Run Behavior\BuildLiteBehavior [ RunTime:0.000000s ]
INFO: [ app_init ] --END-- [ RunTime:0.001000s ]
NOTIC: [2] mysqli_get_server_info() expects exactly 1 parameter, 0 given E:\WWW\cmf\App\Manager\Conf\config.php 第 17 行.
INFO: [ app_begin ] --START--
INFO: Run Behavior\ReadHtmlCacheBehavior [ RunTime:0.001000s ]
INFO: [ app_begin ] --END-- [ RunTime:0.001000s ]
SQL: SHOW COLUMNS FROM `hx_admin_user` [ RunTime:0.0060s ]
INFO: [ view_parse ] --START--
INFO: [ template_filter ] --START--
INFO: Run Behavior\ContentReplaceBehavior [ RunTime:0.000000s ]
INFO: [ template_filter ] --END-- [ RunTime:0.000000s ]
INFO: Run Behavior\ParseTemplateBehavior [ RunTime:0.005000s ]
INFO: [ view_parse ] --END-- [ RunTime:0.006000s ]
INFO: [ view_filter ] --START--
INFO: Run Behavior\WriteHtmlCacheBehavior [ RunTime:0.000000s ]
INFO: [ view_filter ] --END-- [ RunTime:0.000000s ]
INFO: [ app_end ] --START--
INFO: Run Behavior\ShowPageTraceBehavior [ RunTime:0.000000s ]
INFO: [ app_end ] --END-- [ RunTime:0.000000s ]

[ 2016-11-29T14:24:13+08:00 ] 127.0.0.1 /Login/verify.html
INFO: [ app_init ] --START--
INFO: Run Behavior\BuildLiteBehavior [ RunTime:0.000000s ]
INFO: [ app_init ] --END-- [ RunTime:0.000000s ]
NOTIC: [2] mysqli_get_server_info() expects exactly 1 parameter, 0 given E:\WWW\cmf\App\Manager\Conf\config.php 第 17 行.
INFO: [ app_begin ] --START--
INFO: Run Behavior\ReadHtmlCacheBehavior [ RunTime:0.000000s ]
INFO: [ app_begin ] --END-- [ RunTime:0.000000s ]
SQL: SHOW COLUMNS FROM `hx_admin_user` [ RunTime:0.0080s ]
INFO: [ app_end ] --START--
INFO: Run Behavior\ShowPageTraceBehavior [ RunTime:0.001000s ]
INFO: [ app_end ] --END-- [ RunTime:0.001000s ]

[ 2016-11-29T14:24:14+08:00 ] 127.0.0.1 /Login/index.html
INFO: [ app_init ] --START--
INFO: Run Behavior\BuildLiteBehavior [ RunTime:0.000000s ]
INFO: [ app_init ] --END-- [ RunTime:0.001000s ]
NOTIC: [2] mysqli_get_server_info() expects exactly 1 parameter, 0 given E:\WWW\cmf\App\Manager\Conf\config.php 第 17 行.
INFO: [ app_begin ] --START--
INFO: Run Behavior\ReadHtmlCacheBehavior [ RunTime:0.000000s ]
INFO: [ app_begin ] --END-- [ RunTime:0.000000s ]
SQL: SHOW COLUMNS FROM `hx_admin_user` [ RunTime:0.0060s ]
INFO: [ view_parse ] --START--
INFO: [ template_filter ] --START--
INFO: Run Behavior\ContentReplaceBehavior [ RunTime:0.000000s ]
INFO: [ template_filter ] --END-- [ RunTime:0.000000s ]
INFO: Run Behavior\ParseTemplateBehavior [ RunTime:0.006001s ]
INFO: [ view_parse ] --END-- [ RunTime:0.006001s ]
INFO: [ view_filter ] --START--
INFO: Run Behavior\WriteHtmlCacheBehavior [ RunTime:0.000000s ]
INFO: [ view_filter ] --END-- [ RunTime:0.000000s ]
INFO: [ app_end ] --START--
INFO: Run Behavior\ShowPageTraceBehavior [ RunTime:0.000000s ]
INFO: [ app_end ] --END-- [ RunTime:0.000000s ]

[ 2016-11-29T14:24:14+08:00 ] 127.0.0.1 /Login/verify.html
INFO: [ app_init ] --START--
INFO: Run Behavior\BuildLiteBehavior [ RunTime:0.000000s ]
INFO: [ app_init ] --END-- [ RunTime:0.000000s ]
NOTIC: [2] mysqli_get_server_info() expects exactly 1 parameter, 0 given E:\WWW\cmf\App\Manager\Conf\config.php 第 17 行.
INFO: [ app_begin ] --START--
INFO: Run Behavior\ReadHtmlCacheBehavior [ RunTime:0.000000s ]
INFO: [ app_begin ] --END-- [ RunTime:0.000000s ]
SQL: SHOW COLUMNS FROM `hx_admin_user` [ RunTime:0.0060s ]
INFO: [ app_end ] --START--
INFO: Run Behavior\ShowPageTraceBehavior [ RunTime:0.001000s ]
INFO: [ app_end ] --END-- [ RunTime:0.001000s ]

[ 2016-11-29T14:24:14+08:00 ] 127.0.0.1 /Login/index.html
INFO: [ app_init ] --START--
INFO: Run Behavior\BuildLiteBehavior [ RunTime:0.000000s ]
INFO: [ app_init ] --END-- [ RunTime:0.000000s ]
NOTIC: [2] mysqli_get_server_info() expects exactly 1 parameter, 0 given E:\WWW\cmf\App\Manager\Conf\config.php 第 17 行.
INFO: [ app_begin ] --START--
INFO: Run Behavior\ReadHtmlCacheBehavior [ RunTime:0.000000s ]
INFO: [ app_begin ] --END-- [ RunTime:0.000000s ]
SQL: SHOW COLUMNS FROM `hx_admin_user` [ RunTime:0.0060s ]
INFO: [ view_parse ] --START--
INFO: [ template_filter ] --START--
INFO: Run Behavior\ContentReplaceBehavior [ RunTime:0.000000s ]
INFO: [ template_filter ] --END-- [ RunTime:0.001000s ]
INFO: Run Behavior\ParseTemplateBehavior [ RunTime:0.006001s ]
INFO: [ view_parse ] --END-- [ RunTime:0.006001s ]
INFO: [ view_filter ] --START--
INFO: Run Behavior\WriteHtmlCacheBehavior [ RunTime:0.001000s ]
INFO: [ view_filter ] --END-- [ RunTime:0.001000s ]
INFO: [ app_end ] --START--
INFO: Run Behavior\ShowPageTraceBehavior [ RunTime:0.000000s ]
INFO: [ app_end ] --END-- [ RunTime:0.000000s ]

[ 2016-11-29T14:24:14+08:00 ] 127.0.0.1 /Login/verify.html
INFO: [ app_init ] --START--
INFO: Run Behavior\BuildLiteBehavior [ RunTime:0.000000s ]
INFO: [ app_init ] --END-- [ RunTime:0.000000s ]
NOTIC: [2] mysqli_get_server_info() expects exactly 1 parameter, 0 given E:\WWW\cmf\App\Manager\Conf\config.php 第 17 行.
INFO: [ app_begin ] --START--
INFO: Run Behavior\ReadHtmlCacheBehavior [ RunTime:0.000000s ]
INFO: [ app_begin ] --END-- [ RunTime:0.000000s ]
SQL: SHOW COLUMNS FROM `hx_admin_user` [ RunTime:0.0050s ]
INFO: [ app_end ] --START--
INFO: Run Behavior\ShowPageTraceBehavior [ RunTime:0.000000s ]
INFO: [ app_end ] --END-- [ RunTime:0.000000s ]

[ 2016-11-29T14:24:17+08:00 ] 127.0.0.1 /shop/index.html
INFO: [ app_init ] --START--
INFO: Run Behavior\BuildLiteBehavior [ RunTime:0.000000s ]
INFO: [ app_init ] --END-- [ RunTime:0.000000s ]
NOTIC: [2] mysqli_get_server_info() expects exactly 1 parameter, 0 given E:\WWW\cmf\App\Manager\Conf\config.php 第 17 行.
INFO: [ app_begin ] --START--
INFO: Run Behavior\ReadHtmlCacheBehavior [ RunTime:0.000000s ]
INFO: [ app_begin ] --END-- [ RunTime:0.001001s ]
ERR: 无法加载控制器:Shop

