[ 2016-11-24T09:19:35+08:00 ] 127.0.0.1 /AdminUser/add.html
INFO: [ app_init ] --START--
INFO: Run Behavior\BuildLiteBehavior [ RunTime:0.000000s ]
INFO: [ app_init ] --END-- [ RunTime:0.001000s ]
NOTIC: [2] mysqli_get_server_info() expects exactly 1 parameter, 0 given E:\WWW\cmf\App\Manager\Conf\config.php 第 17 行.
INFO: [ app_begin ] --START--
INFO: Run Behavior\ReadHtmlCacheBehavior [ RunTime:0.000000s ]
INFO: [ app_begin ] --END-- [ RunTime:0.000000s ]
SQL: SHOW COLUMNS FROM `hx_admin_user` [ RunTime:0.0070s ]
SQL: SHOW COLUMNS FROM `hx_auth_group` [ RunTime:0.0070s ]
SQL: SHOW COLUMNS FROM `hx_auth_group_access` [ RunTime:0.0070s ]
SQL: SELECT * FROM `hx_auth_group` WHERE `status` = 1  [ RunTime:0.0000s ]
INFO: [ view_parse ] --START--
INFO: [ template_filter ] --START--
INFO: Run Behavior\ContentReplaceBehavior [ RunTime:0.000000s ]
INFO: [ template_filter ] --END-- [ RunTime:0.000000s ]
INFO: Run Behavior\ParseTemplateBehavior [ RunTime:0.009001s ]
INFO: [ view_parse ] --END-- [ RunTime:0.010001s ]
INFO: [ view_filter ] --START--
INFO: Run Behavior\WriteHtmlCacheBehavior [ RunTime:0.000000s ]
INFO: [ view_filter ] --END-- [ RunTime:0.000000s ]
INFO: [ app_end ] --START--
INFO: Run Behavior\ShowPageTraceBehavior [ RunTime:0.000000s ]
INFO: [ app_end ] --END-- [ RunTime:0.000000s ]

[ 2016-11-24T09:22:45+08:00 ] 127.0.0.1 /AdminUser/add.html
INFO: [ app_init ] --START--
INFO: Run Behavior\BuildLiteBehavior [ RunTime:0.000000s ]
INFO: [ app_init ] --END-- [ RunTime:0.000000s ]
NOTIC: [2] mysqli_get_server_info() expects exactly 1 parameter, 0 given E:\WWW\cmf\App\Manager\Conf\config.php 第 17 行.
INFO: [ app_begin ] --START--
INFO: Run Behavior\ReadHtmlCacheBehavior [ RunTime:0.001000s ]
INFO: [ app_begin ] --END-- [ RunTime:0.001000s ]
SQL: SHOW COLUMNS FROM `hx_admin_user` [ RunTime:0.0070s ]
SQL: SHOW COLUMNS FROM `hx_auth_group` [ RunTime:0.0050s ]
SQL: SHOW COLUMNS FROM `hx_auth_group_access` [ RunTime:0.0050s ]
SQL: SELECT * FROM `hx_auth_group` WHERE `status` = 1  [ RunTime:0.0010s ]
INFO: [ view_parse ] --START--
INFO: [ template_filter ] --START--
INFO: Run Behavior\ContentReplaceBehavior [ RunTime:0.000000s ]
INFO: [ template_filter ] --END-- [ RunTime:0.001000s ]
INFO: Run Behavior\ParseTemplateBehavior [ RunTime:0.008000s ]
INFO: [ view_parse ] --END-- [ RunTime:0.008000s ]
INFO: [ view_filter ] --START--
INFO: Run Behavior\WriteHtmlCacheBehavior [ RunTime:0.000000s ]
INFO: [ view_filter ] --END-- [ RunTime:0.000000s ]
INFO: [ app_end ] --START--
INFO: Run Behavior\ShowPageTraceBehavior [ RunTime:0.000000s ]
INFO: [ app_end ] --END-- [ RunTime:0.000000s ]

[ 2016-11-24T09:26:09+08:00 ] 127.0.0.1 /AdminUser/add.html
INFO: [ app_init ] --START--
INFO: Run Behavior\BuildLiteBehavior [ RunTime:0.000000s ]
INFO: [ app_init ] --END-- [ RunTime:0.000000s ]
NOTIC: [2] mysqli_get_server_info() expects exactly 1 parameter, 0 given E:\WWW\cmf\App\Manager\Conf\config.php 第 17 行.
INFO: [ app_begin ] --START--
INFO: Run Behavior\ReadHtmlCacheBehavior [ RunTime:0.000000s ]
INFO: [ app_begin ] --END-- [ RunTime:0.000000s ]
SQL: SHOW COLUMNS FROM `hx_admin_user` [ RunTime:0.0070s ]
SQL: SHOW COLUMNS FROM `hx_auth_group` [ RunTime:0.0060s ]
SQL: SHOW COLUMNS FROM `hx_auth_group_access` [ RunTime:0.0060s ]
SQL: SELECT * FROM `hx_auth_group` WHERE `status` = 1  [ RunTime:0.0000s ]
INFO: [ view_parse ] --START--
INFO: [ template_filter ] --START--
INFO: Run Behavior\ContentReplaceBehavior [ RunTime:0.001001s ]
INFO: [ template_filter ] --END-- [ RunTime:0.001001s ]
INFO: Run Behavior\ParseTemplateBehavior [ RunTime:0.008001s ]
INFO: [ view_parse ] --END-- [ RunTime:0.008001s ]
INFO: [ view_filter ] --START--
INFO: Run Behavior\WriteHtmlCacheBehavior [ RunTime:0.000000s ]
INFO: [ view_filter ] --END-- [ RunTime:0.000000s ]
INFO: [ app_end ] --START--
INFO: Run Behavior\ShowPageTraceBehavior [ RunTime:0.000000s ]
INFO: [ app_end ] --END-- [ RunTime:0.000000s ]

[ 2016-11-24T09:55:42+08:00 ] 127.0.0.1 /AdminUser/add.html
INFO: [ app_init ] --START--
INFO: Run Behavior\BuildLiteBehavior [ RunTime:0.000000s ]
INFO: [ app_init ] --END-- [ RunTime:0.000000s ]
NOTIC: [2] mysqli_get_server_info() expects exactly 1 parameter, 0 given E:\WWW\cmf\App\Manager\Conf\config.php 第 17 行.
INFO: [ app_begin ] --START--
INFO: Run Behavior\ReadHtmlCacheBehavior [ RunTime:0.000000s ]
INFO: [ app_begin ] --END-- [ RunTime:0.000000s ]
SQL: SHOW COLUMNS FROM `hx_admin_user` [ RunTime:0.0050s ]
SQL: SHOW COLUMNS FROM `hx_auth_group` [ RunTime:0.0060s ]
SQL: SHOW COLUMNS FROM `hx_auth_group_access` [ RunTime:0.0060s ]
SQL: SELECT * FROM `hx_auth_group` WHERE `status` = 1  [ RunTime:0.0000s ]
INFO: [ view_parse ] --START--
INFO: [ template_filter ] --START--
INFO: Run Behavior\ContentReplaceBehavior [ RunTime:0.000000s ]
INFO: [ template_filter ] --END-- [ RunTime:0.000000s ]
INFO: Run Behavior\ParseTemplateBehavior [ RunTime:0.009000s ]
INFO: [ view_parse ] --END-- [ RunTime:0.009000s ]
INFO: [ view_filter ] --START--
INFO: Run Behavior\WriteHtmlCacheBehavior [ RunTime:0.000000s ]
INFO: [ view_filter ] --END-- [ RunTime:0.000000s ]
INFO: [ app_end ] --START--
INFO: Run Behavior\ShowPageTraceBehavior [ RunTime:0.001000s ]
INFO: [ app_end ] --END-- [ RunTime:0.001000s ]

[ 2016-11-24T09:56:06+08:00 ] 127.0.0.1 /AdminUser/add.html
INFO: [ app_init ] --START--
INFO: Run Behavior\BuildLiteBehavior [ RunTime:0.000000s ]
INFO: [ app_init ] --END-- [ RunTime:0.000000s ]
NOTIC: [2] mysqli_get_server_info() expects exactly 1 parameter, 0 given E:\WWW\cmf\App\Manager\Conf\config.php 第 17 行.
INFO: [ app_begin ] --START--
INFO: Run Behavior\ReadHtmlCacheBehavior [ RunTime:0.000000s ]
INFO: [ app_begin ] --END-- [ RunTime:0.000000s ]
SQL: SHOW COLUMNS FROM `hx_admin_user` [ RunTime:0.0050s ]
SQL: SHOW COLUMNS FROM `hx_auth_group` [ RunTime:0.0050s ]
SQL: SHOW COLUMNS FROM `hx_auth_group_access` [ RunTime:0.0050s ]

[ 2016-11-24T09:56:14+08:00 ] 127.0.0.1 /AdminUser/add.html
INFO: [ app_init ] --START--
INFO: Run Behavior\BuildLiteBehavior [ RunTime:0.000000s ]
INFO: [ app_init ] --END-- [ RunTime:0.000000s ]
NOTIC: [2] mysqli_get_server_info() expects exactly 1 parameter, 0 given E:\WWW\cmf\App\Manager\Conf\config.php 第 17 行.
INFO: [ app_begin ] --START--
INFO: Run Behavior\ReadHtmlCacheBehavior [ RunTime:0.001000s ]
INFO: [ app_begin ] --END-- [ RunTime:0.001000s ]
SQL: SHOW COLUMNS FROM `hx_admin_user` [ RunTime:0.0050s ]
SQL: SHOW COLUMNS FROM `hx_auth_group` [ RunTime:0.0050s ]
SQL: SHOW COLUMNS FROM `hx_auth_group_access` [ RunTime:0.0040s ]

[ 2016-11-24T09:57:02+08:00 ] 127.0.0.1 /AdminUser/add.html
INFO: [ app_init ] --START--
INFO: Run Behavior\BuildLiteBehavior [ RunTime:0.000000s ]
INFO: [ app_init ] --END-- [ RunTime:0.000000s ]
NOTIC: [2] mysqli_get_server_info() expects exactly 1 parameter, 0 given E:\WWW\cmf\App\Manager\Conf\config.php 第 17 行.
INFO: [ app_begin ] --START--
INFO: Run Behavior\ReadHtmlCacheBehavior [ RunTime:0.000000s ]
INFO: [ app_begin ] --END-- [ RunTime:0.000000s ]
SQL: SHOW COLUMNS FROM `hx_admin_user` [ RunTime:0.0060s ]
SQL: SHOW COLUMNS FROM `hx_auth_group` [ RunTime:0.0070s ]
SQL: SHOW COLUMNS FROM `hx_auth_group_access` [ RunTime:0.0060s ]
NOTIC: [8] Undefined index: validate E:\WWW\cmf\Core\Library\Think\Model.class.php 第 1185 行.
SQL: SELECT * FROM `hx_admin_user` WHERE `username` = 'root1' LIMIT 1   [ RunTime:0.0000s ]

[ 2016-11-24T09:58:53+08:00 ] 127.0.0.1 /AdminUser/add.html
INFO: [ app_init ] --START--
INFO: Run Behavior\BuildLiteBehavior [ RunTime:0.000000s ]
INFO: [ app_init ] --END-- [ RunTime:0.001001s ]
NOTIC: [2] mysqli_get_server_info() expects exactly 1 parameter, 0 given E:\WWW\cmf\App\Manager\Conf\config.php 第 17 行.
INFO: [ app_begin ] --START--
INFO: Run Behavior\ReadHtmlCacheBehavior [ RunTime:0.001000s ]
INFO: [ app_begin ] --END-- [ RunTime:0.001000s ]
SQL: SHOW COLUMNS FROM `hx_admin_user` [ RunTime:0.0070s ]
SQL: SHOW COLUMNS FROM `hx_auth_group` [ RunTime:0.0060s ]
SQL: SHOW COLUMNS FROM `hx_auth_group_access` [ RunTime:0.0050s ]
NOTIC: [8] Undefined index: validate E:\WWW\cmf\Core\Library\Think\Model.class.php 第 1185 行.
SQL: SELECT * FROM `hx_admin_user` WHERE `username` = 'root1' LIMIT 1   [ RunTime:0.0000s ]
NOTIC: [8] Undefined index: auto E:\WWW\cmf\Core\Library\Think\Model.class.php 第 1128 行.
SQL: INSERT INTO `hx_admin_user` (`password`,`username`,`create_time`) VALUES ('pbkdf2_sha256$12000$J1pJ2xykULV9$S2OZ74nbDHzGJvtyQe3mGInfTMBn4Jc7l8QFySmsfjI=','root1','2016-11-24 09:58:53') [ RunTime:0.0150s ]
SQL: INSERT INTO `hx_auth_group_access` (`group_id`,`uid`) VALUES ('1','6') [ RunTime:0.0020s ]

[ 2016-11-24T09:59:30+08:00 ] 127.0.0.1 /AdminUser/add.html
INFO: [ app_init ] --START--
INFO: Run Behavior\BuildLiteBehavior [ RunTime:0.000000s ]
INFO: [ app_init ] --END-- [ RunTime:0.001000s ]
NOTIC: [2] mysqli_get_server_info() expects exactly 1 parameter, 0 given E:\WWW\cmf\App\Manager\Conf\config.php 第 17 行.
INFO: [ app_begin ] --START--
INFO: Run Behavior\ReadHtmlCacheBehavior [ RunTime:0.000000s ]
INFO: [ app_begin ] --END-- [ RunTime:0.000000s ]
SQL: SHOW COLUMNS FROM `hx_admin_user` [ RunTime:0.0060s ]
SQL: SHOW COLUMNS FROM `hx_auth_group` [ RunTime:0.0060s ]
SQL: SHOW COLUMNS FROM `hx_auth_group_access` [ RunTime:0.0080s ]
SQL: SELECT * FROM `hx_auth_group` WHERE `status` = 1  [ RunTime:0.0000s ]
INFO: [ view_parse ] --START--
INFO: [ template_filter ] --START--
INFO: Run Behavior\ContentReplaceBehavior [ RunTime:0.000000s ]
INFO: [ template_filter ] --END-- [ RunTime:0.000000s ]
INFO: Run Behavior\ParseTemplateBehavior [ RunTime:0.008000s ]
INFO: [ view_parse ] --END-- [ RunTime:0.008000s ]
INFO: [ view_filter ] --START--
INFO: Run Behavior\WriteHtmlCacheBehavior [ RunTime:0.001000s ]
INFO: [ view_filter ] --END-- [ RunTime:0.001000s ]
INFO: [ app_end ] --START--
INFO: Run Behavior\ShowPageTraceBehavior [ RunTime:0.000000s ]
INFO: [ app_end ] --END-- [ RunTime:0.000000s ]

[ 2016-11-24T09:59:37+08:00 ] 127.0.0.1 /AdminUser/add.html
INFO: [ app_init ] --START--
INFO: Run Behavior\BuildLiteBehavior [ RunTime:0.000000s ]
INFO: [ app_init ] --END-- [ RunTime:0.000000s ]
NOTIC: [2] mysqli_get_server_info() expects exactly 1 parameter, 0 given E:\WWW\cmf\App\Manager\Conf\config.php 第 17 行.
INFO: [ app_begin ] --START--
INFO: Run Behavior\ReadHtmlCacheBehavior [ RunTime:0.001000s ]
INFO: [ app_begin ] --END-- [ RunTime:0.001000s ]
SQL: SHOW COLUMNS FROM `hx_admin_user` [ RunTime:0.0070s ]
SQL: SHOW COLUMNS FROM `hx_auth_group` [ RunTime:0.0070s ]
SQL: SHOW COLUMNS FROM `hx_auth_group_access` [ RunTime:0.0060s ]
NOTIC: [8] Undefined index: validate E:\WWW\cmf\Core\Library\Think\Model.class.php 第 1185 行.
SQL: SELECT * FROM `hx_admin_user` WHERE `username` = '111' LIMIT 1   [ RunTime:0.0000s ]
NOTIC: [8] Undefined index: auto E:\WWW\cmf\Core\Library\Think\Model.class.php 第 1128 行.
SQL: INSERT INTO `hx_admin_user` (`password`,`username`,`create_time`) VALUES ('pbkdf2_sha256$12000$ghvLss5iZIok$FIScBnD7El54iV9WYlnDvFu0LvbjqxqLZ5WPKCLaefc=','111','2016-11-24 09:59:37') [ RunTime:0.0000s ]
SQL: INSERT INTO `hx_auth_group_access` (`group_id`,`uid`) VALUES ('1','7') [ RunTime:0.0000s ]

[ 2016-11-24T10:00:34+08:00 ] 127.0.0.1 /AdminUser/add.html
INFO: [ app_init ] --START--
INFO: Run Behavior\BuildLiteBehavior [ RunTime:0.000000s ]
INFO: [ app_init ] --END-- [ RunTime:0.000000s ]
NOTIC: [2] mysqli_get_server_info() expects exactly 1 parameter, 0 given E:\WWW\cmf\App\Manager\Conf\config.php 第 17 行.
INFO: [ app_begin ] --START--
INFO: Run Behavior\ReadHtmlCacheBehavior [ RunTime:0.000000s ]
INFO: [ app_begin ] --END-- [ RunTime:0.000000s ]
SQL: SHOW COLUMNS FROM `hx_admin_user` [ RunTime:0.0060s ]
SQL: SHOW COLUMNS FROM `hx_auth_group` [ RunTime:0.0070s ]
SQL: SHOW COLUMNS FROM `hx_auth_group_access` [ RunTime:0.0060s ]
SQL: SELECT * FROM `hx_auth_group` WHERE `status` = 1  [ RunTime:0.0000s ]
INFO: [ view_parse ] --START--
INFO: [ template_filter ] --START--
INFO: Run Behavior\ContentReplaceBehavior [ RunTime:0.000000s ]
INFO: [ template_filter ] --END-- [ RunTime:0.000000s ]
INFO: Run Behavior\ParseTemplateBehavior [ RunTime:0.008000s ]
INFO: [ view_parse ] --END-- [ RunTime:0.008000s ]
INFO: [ view_filter ] --START--
INFO: Run Behavior\WriteHtmlCacheBehavior [ RunTime:0.000000s ]
INFO: [ view_filter ] --END-- [ RunTime:0.000000s ]
INFO: [ app_end ] --START--
INFO: Run Behavior\ShowPageTraceBehavior [ RunTime:0.001000s ]
INFO: [ app_end ] --END-- [ RunTime:0.001000s ]

[ 2016-11-24T10:00:34+08:00 ] 127.0.0.1 /Public/admin/layer/layer.js
INFO: [ app_init ] --START--
INFO: Run Behavior\BuildLiteBehavior [ RunTime:0.000000s ]
INFO: [ app_init ] --END-- [ RunTime:0.000000s ]
NOTIC: [2] mysqli_get_server_info() expects exactly 1 parameter, 0 given E:\WWW\cmf\App\Manager\Conf\config.php 第 17 行.
INFO: [ app_begin ] --START--
INFO: Run Behavior\ReadHtmlCacheBehavior [ RunTime:0.000000s ]
INFO: [ app_begin ] --END-- [ RunTime:0.000000s ]
ERR: 无法加载控制器:Public

[ 2016-11-24T10:00:34+08:00 ] 127.0.0.1 /Public/kindeditor/kindeditor.js
INFO: [ app_init ] --START--
INFO: Run Behavior\BuildLiteBehavior [ RunTime:0.000000s ]
INFO: [ app_init ] --END-- [ RunTime:0.001000s ]
NOTIC: [2] mysqli_get_server_info() expects exactly 1 parameter, 0 given E:\WWW\cmf\App\Manager\Conf\config.php 第 17 行.
INFO: [ app_begin ] --START--
INFO: Run Behavior\ReadHtmlCacheBehavior [ RunTime:0.001000s ]
INFO: [ app_begin ] --END-- [ RunTime:0.001000s ]
ERR: 无法加载控制器:Public

[ 2016-11-24T10:00:43+08:00 ] 127.0.0.1 /AdminUser/add.html
INFO: [ app_init ] --START--
INFO: Run Behavior\BuildLiteBehavior [ RunTime:0.000000s ]
INFO: [ app_init ] --END-- [ RunTime:0.001000s ]
NOTIC: [2] mysqli_get_server_info() expects exactly 1 parameter, 0 given E:\WWW\cmf\App\Manager\Conf\config.php 第 17 行.
INFO: [ app_begin ] --START--
INFO: Run Behavior\ReadHtmlCacheBehavior [ RunTime:0.001000s ]
INFO: [ app_begin ] --END-- [ RunTime:0.001000s ]
SQL: SHOW COLUMNS FROM `hx_admin_user` [ RunTime:0.0060s ]
SQL: SHOW COLUMNS FROM `hx_auth_group` [ RunTime:0.0060s ]
SQL: SHOW COLUMNS FROM `hx_auth_group_access` [ RunTime:0.0060s ]
SQL: SELECT * FROM `hx_auth_group` WHERE `status` = 1  [ RunTime:0.0000s ]
INFO: [ view_parse ] --START--
INFO: [ template_filter ] --START--
INFO: Run Behavior\ContentReplaceBehavior [ RunTime:0.000000s ]
INFO: [ template_filter ] --END-- [ RunTime:0.000000s ]
INFO: Run Behavior\ParseTemplateBehavior [ RunTime:0.009001s ]
INFO: [ view_parse ] --END-- [ RunTime:0.009001s ]
INFO: [ view_filter ] --START--
INFO: Run Behavior\WriteHtmlCacheBehavior [ RunTime:0.000000s ]
INFO: [ view_filter ] --END-- [ RunTime:0.000000s ]
INFO: [ app_end ] --START--
INFO: Run Behavior\ShowPageTraceBehavior [ RunTime:0.000000s ]
INFO: [ app_end ] --END-- [ RunTime:0.000000s ]

[ 2016-11-24T10:00:43+08:00 ] 127.0.0.1 /Public/kindeditor/kindeditor.js
INFO: [ app_init ] --START--
INFO: Run Behavior\BuildLiteBehavior [ RunTime:0.000000s ]
INFO: [ app_init ] --END-- [ RunTime:0.000000s ]
NOTIC: [2] mysqli_get_server_info() expects exactly 1 parameter, 0 given E:\WWW\cmf\App\Manager\Conf\config.php 第 17 行.
INFO: [ app_begin ] --START--
INFO: Run Behavior\ReadHtmlCacheBehavior [ RunTime:0.001000s ]
INFO: [ app_begin ] --END-- [ RunTime:0.001000s ]
ERR: 无法加载控制器:Public

[ 2016-11-24T10:01:56+08:00 ] 127.0.0.1 /AdminUser/add.html
INFO: [ app_init ] --START--
INFO: Run Behavior\BuildLiteBehavior [ RunTime:0.000000s ]
INFO: [ app_init ] --END-- [ RunTime:0.001000s ]
NOTIC: [2] mysqli_get_server_info() expects exactly 1 parameter, 0 given E:\WWW\cmf\App\Manager\Conf\config.php 第 17 行.
INFO: [ app_begin ] --START--
INFO: Run Behavior\ReadHtmlCacheBehavior [ RunTime:0.000000s ]
INFO: [ app_begin ] --END-- [ RunTime:0.000000s ]
SQL: SHOW COLUMNS FROM `hx_admin_user` [ RunTime:0.0060s ]
SQL: SHOW COLUMNS FROM `hx_auth_group` [ RunTime:0.0060s ]
SQL: SHOW COLUMNS FROM `hx_auth_group_access` [ RunTime:0.0060s ]
SQL: SELECT * FROM `hx_auth_group` WHERE `status` = 1  [ RunTime:0.0000s ]
INFO: [ view_parse ] --START--
INFO: [ template_filter ] --START--
INFO: Run Behavior\ContentReplaceBehavior [ RunTime:0.000000s ]
INFO: [ template_filter ] --END-- [ RunTime:0.000000s ]
INFO: Run Behavior\ParseTemplateBehavior [ RunTime:0.009000s ]
INFO: [ view_parse ] --END-- [ RunTime:0.009000s ]
INFO: [ view_filter ] --START--
INFO: Run Behavior\WriteHtmlCacheBehavior [ RunTime:0.000000s ]
INFO: [ view_filter ] --END-- [ RunTime:0.000000s ]
INFO: [ app_end ] --START--
INFO: Run Behavior\ShowPageTraceBehavior [ RunTime:0.001001s ]
INFO: [ app_end ] --END-- [ RunTime:0.001001s ]

[ 2016-11-24T10:02:04+08:00 ] 127.0.0.1 /AdminUser/add.html
INFO: [ app_init ] --START--
INFO: Run Behavior\BuildLiteBehavior [ RunTime:0.000000s ]
INFO: [ app_init ] --END-- [ RunTime:0.000000s ]
NOTIC: [2] mysqli_get_server_info() expects exactly 1 parameter, 0 given E:\WWW\cmf\App\Manager\Conf\config.php 第 17 行.
INFO: [ app_begin ] --START--
INFO: Run Behavior\ReadHtmlCacheBehavior [ RunTime:0.000000s ]
INFO: [ app_begin ] --END-- [ RunTime:0.000000s ]
SQL: SHOW COLUMNS FROM `hx_admin_user` [ RunTime:0.0060s ]
SQL: SHOW COLUMNS FROM `hx_auth_group` [ RunTime:0.0060s ]
SQL: SHOW COLUMNS FROM `hx_auth_group_access` [ RunTime:0.0050s ]
NOTIC: [8] Undefined index: validate E:\WWW\cmf\Core\Library\Think\Model.class.php 第 1185 行.
SQL: SELECT * FROM `hx_admin_user` WHERE `username` = '121212' LIMIT 1   [ RunTime:0.0000s ]
NOTIC: [8] Undefined index: auto E:\WWW\cmf\Core\Library\Think\Model.class.php 第 1128 行.
SQL: INSERT INTO `hx_admin_user` (`password`,`username`,`create_time`) VALUES ('pbkdf2_sha256$12000$swzmSQgRauJ6$oMavR3zJBF/adTZj7zSwRnXcBJaATozEsM5LNiyaCoU=','121212','2016-11-24 10:02:04') [ RunTime:0.0000s ]
SQL: INSERT INTO `hx_auth_group_access` (`group_id`,`uid`) VALUES ('1','8') [ RunTime:0.0000s ]

[ 2016-11-24T10:02:05+08:00 ] 127.0.0.1 /Admin/index.html
INFO: [ app_init ] --START--
INFO: Run Behavior\BuildLiteBehavior [ RunTime:0.000000s ]
INFO: [ app_init ] --END-- [ RunTime:0.000000s ]
NOTIC: [2] mysqli_get_server_info() expects exactly 1 parameter, 0 given E:\WWW\cmf\App\Manager\Conf\config.php 第 17 行.
INFO: [ app_begin ] --START--
INFO: Run Behavior\ReadHtmlCacheBehavior [ RunTime:0.001000s ]
INFO: [ app_begin ] --END-- [ RunTime:0.001000s ]
ERR: 无法加载控制器:Admin

[ 2016-11-24T10:03:07+08:00 ] 127.0.0.1 /AdminUser/add.html
INFO: [ app_init ] --START--
INFO: Run Behavior\BuildLiteBehavior [ RunTime:0.000000s ]
INFO: [ app_init ] --END-- [ RunTime:0.000000s ]
NOTIC: [2] mysqli_get_server_info() expects exactly 1 parameter, 0 given E:\WWW\cmf\App\Manager\Conf\config.php 第 17 行.
INFO: [ app_begin ] --START--
INFO: Run Behavior\ReadHtmlCacheBehavior [ RunTime:0.000000s ]
INFO: [ app_begin ] --END-- [ RunTime:0.000000s ]
SQL: SHOW COLUMNS FROM `hx_admin_user` [ RunTime:0.0060s ]
SQL: SHOW COLUMNS FROM `hx_auth_group` [ RunTime:0.0070s ]
SQL: SHOW COLUMNS FROM `hx_auth_group_access` [ RunTime:0.0050s ]
SQL: SELECT * FROM `hx_auth_group` WHERE `status` = 1  [ RunTime:0.0010s ]
INFO: [ view_parse ] --START--
INFO: [ template_filter ] --START--
INFO: Run Behavior\ContentReplaceBehavior [ RunTime:0.000000s ]
INFO: [ template_filter ] --END-- [ RunTime:0.000000s ]
INFO: Run Behavior\ParseTemplateBehavior [ RunTime:0.008000s ]
INFO: [ view_parse ] --END-- [ RunTime:0.008000s ]
INFO: [ view_filter ] --START--
INFO: Run Behavior\WriteHtmlCacheBehavior [ RunTime:0.000000s ]
INFO: [ view_filter ] --END-- [ RunTime:0.000000s ]
INFO: [ app_end ] --START--
INFO: Run Behavior\ShowPageTraceBehavior [ RunTime:0.001000s ]
INFO: [ app_end ] --END-- [ RunTime:0.001000s ]

[ 2016-11-24T10:03:08+08:00 ] 127.0.0.1 /AdminUser/add.html
INFO: [ app_init ] --START--
INFO: Run Behavior\BuildLiteBehavior [ RunTime:0.000000s ]
INFO: [ app_init ] --END-- [ RunTime:0.001000s ]
NOTIC: [2] mysqli_get_server_info() expects exactly 1 parameter, 0 given E:\WWW\cmf\App\Manager\Conf\config.php 第 17 行.
INFO: [ app_begin ] --START--
INFO: Run Behavior\ReadHtmlCacheBehavior [ RunTime:0.001000s ]
INFO: [ app_begin ] --END-- [ RunTime:0.001000s ]
SQL: SHOW COLUMNS FROM `hx_admin_user` [ RunTime:0.0090s ]
SQL: SHOW COLUMNS FROM `hx_auth_group` [ RunTime:0.0060s ]
SQL: SHOW COLUMNS FROM `hx_auth_group_access` [ RunTime:0.0050s ]
SQL: SELECT * FROM `hx_auth_group` WHERE `status` = 1  [ RunTime:0.0010s ]
INFO: [ view_parse ] --START--
INFO: [ template_filter ] --START--
INFO: Run Behavior\ContentReplaceBehavior [ RunTime:0.000000s ]
INFO: [ template_filter ] --END-- [ RunTime:0.000000s ]
INFO: Run Behavior\ParseTemplateBehavior [ RunTime:0.008000s ]
INFO: [ view_parse ] --END-- [ RunTime:0.008000s ]
INFO: [ view_filter ] --START--
INFO: Run Behavior\WriteHtmlCacheBehavior [ RunTime:0.001000s ]
INFO: [ view_filter ] --END-- [ RunTime:0.001000s ]
INFO: [ app_end ] --START--
INFO: Run Behavior\ShowPageTraceBehavior [ RunTime:0.001000s ]
INFO: [ app_end ] --END-- [ RunTime:0.001000s ]

[ 2016-11-24T10:03:16+08:00 ] 127.0.0.1 /AdminUser/add.html
INFO: [ app_init ] --START--
INFO: Run Behavior\BuildLiteBehavior [ RunTime:0.000000s ]
INFO: [ app_init ] --END-- [ RunTime:0.000000s ]
NOTIC: [2] mysqli_get_server_info() expects exactly 1 parameter, 0 given E:\WWW\cmf\App\Manager\Conf\config.php 第 17 行.
INFO: [ app_begin ] --START--
INFO: Run Behavior\ReadHtmlCacheBehavior [ RunTime:0.000000s ]
INFO: [ app_begin ] --END-- [ RunTime:0.000000s ]
SQL: SHOW COLUMNS FROM `hx_admin_user` [ RunTime:0.0070s ]
SQL: SHOW COLUMNS FROM `hx_auth_group` [ RunTime:0.0060s ]
SQL: SHOW COLUMNS FROM `hx_auth_group_access` [ RunTime:0.0060s ]
NOTIC: [8] Undefined index: validate E:\WWW\cmf\Core\Library\Think\Model.class.php 第 1185 行.
SQL: SELECT * FROM `hx_admin_user` WHERE `username` = '2323' LIMIT 1   [ RunTime:0.0010s ]
NOTIC: [8] Undefined index: auto E:\WWW\cmf\Core\Library\Think\Model.class.php 第 1128 行.
SQL: INSERT INTO `hx_admin_user` (`password`,`username`,`create_time`) VALUES ('pbkdf2_sha256$12000$ctRV20ZMIEaN$HbmgqKr9kks05k+vNhQxiaUzylYPjMy61dlxYeJWl9k=','2323','2016-11-24 10:03:16') [ RunTime:0.0000s ]
SQL: INSERT INTO `hx_auth_group_access` (`group_id`,`uid`) VALUES ('1','9') [ RunTime:0.0010s ]

[ 2016-11-24T10:03:17+08:00 ] 127.0.0.1 /AdminUser/index.html
INFO: [ app_init ] --START--
INFO: Run Behavior\BuildLiteBehavior [ RunTime:0.000000s ]
INFO: [ app_init ] --END-- [ RunTime:0.000000s ]
NOTIC: [2] mysqli_get_server_info() expects exactly 1 parameter, 0 given E:\WWW\cmf\App\Manager\Conf\config.php 第 17 行.
INFO: [ app_begin ] --START--
INFO: Run Behavior\ReadHtmlCacheBehavior [ RunTime:0.000000s ]
INFO: [ app_begin ] --END-- [ RunTime:0.000000s ]
SQL: SHOW COLUMNS FROM `hx_admin_user` [ RunTime:0.0110s ]
SQL: SHOW COLUMNS FROM `hx_auth_group` [ RunTime:0.0100s ]
SQL: SHOW COLUMNS FROM `hx_auth_group_access` [ RunTime:0.0500s ]
SQL: SELECT COUNT(*) AS tp_count FROM `hx_admin_user` LIMIT 1   [ RunTime:0.0000s ]
SQL: SELECT * FROM `hx_admin_user` ORDER BY `create_time`,`id` desc LIMIT 0,15   [ RunTime:0.0000s ]
SQL: SELECT * FROM `hx_auth_group_access`  [ RunTime:0.0000s ]
SQL: SELECT * FROM `hx_auth_group`  [ RunTime:0.0000s ]
INFO: [ view_parse ] --START--
INFO: [ template_filter ] --START--
INFO: Run Behavior\ContentReplaceBehavior [ RunTime:0.000000s ]
INFO: [ template_filter ] --END-- [ RunTime:0.000000s ]
INFO: Run Behavior\ParseTemplateBehavior [ RunTime:0.010000s ]
INFO: [ view_parse ] --END-- [ RunTime:0.010000s ]
INFO: [ view_filter ] --START--
INFO: Run Behavior\WriteHtmlCacheBehavior [ RunTime:0.000000s ]
INFO: [ view_filter ] --END-- [ RunTime:0.000000s ]
INFO: [ app_end ] --START--
INFO: Run Behavior\ShowPageTraceBehavior [ RunTime:0.000000s ]
INFO: [ app_end ] --END-- [ RunTime:0.000000s ]

[ 2016-11-24T10:05:27+08:00 ] 127.0.0.1 /AdminUser/index.html
INFO: [ app_init ] --START--
INFO: Run Behavior\BuildLiteBehavior [ RunTime:0.000000s ]
INFO: [ app_init ] --END-- [ RunTime:0.001000s ]
NOTIC: [2] mysqli_get_server_info() expects exactly 1 parameter, 0 given E:\WWW\cmf\App\Manager\Conf\config.php 第 17 行.
INFO: [ app_begin ] --START--
INFO: Run Behavior\ReadHtmlCacheBehavior [ RunTime:0.001000s ]
INFO: [ app_begin ] --END-- [ RunTime:0.001000s ]
SQL: SHOW COLUMNS FROM `hx_admin_user` [ RunTime:0.0060s ]
SQL: SHOW COLUMNS FROM `hx_auth_group` [ RunTime:0.0050s ]
SQL: SHOW COLUMNS FROM `hx_auth_group_access` [ RunTime:0.0060s ]
SQL: SELECT COUNT(*) AS tp_count FROM `hx_admin_user` LIMIT 1   [ RunTime:0.0000s ]
SQL: SELECT * FROM `hx_admin_user` ORDER BY `create_time`,`id` desc LIMIT 0,15   [ RunTime:0.0000s ]
SQL: SELECT * FROM `hx_auth_group_access`  [ RunTime:0.0000s ]
SQL: SELECT * FROM `hx_auth_group`  [ RunTime:0.0000s ]
NOTIC: [8] Undefined offset: 3 E:\WWW\cmf\App\Manager\Controller\AdminUserController.class.php 第 29 行.
NOTIC: [8] Undefined index:  E:\WWW\cmf\App\Manager\Controller\AdminUserController.class.php 第 29 行.
INFO: [ view_parse ] --START--
INFO: [ template_filter ] --START--
INFO: Run Behavior\ContentReplaceBehavior [ RunTime:0.000000s ]
INFO: [ template_filter ] --END-- [ RunTime:0.000000s ]
INFO: Run Behavior\ParseTemplateBehavior [ RunTime:0.009000s ]
INFO: [ view_parse ] --END-- [ RunTime:0.009000s ]
INFO: [ view_filter ] --START--
INFO: Run Behavior\WriteHtmlCacheBehavior [ RunTime:0.000000s ]
INFO: [ view_filter ] --END-- [ RunTime:0.000000s ]
INFO: [ app_end ] --START--
INFO: Run Behavior\ShowPageTraceBehavior [ RunTime:0.000000s ]
INFO: [ app_end ] --END-- [ RunTime:0.000000s ]

[ 2016-11-24T10:06:08+08:00 ] 127.0.0.1 /AdminUser/index.html
INFO: [ app_init ] --START--
INFO: Run Behavior\BuildLiteBehavior [ RunTime:0.000000s ]
INFO: [ app_init ] --END-- [ RunTime:0.001000s ]
NOTIC: [2] mysqli_get_server_info() expects exactly 1 parameter, 0 given E:\WWW\cmf\App\Manager\Conf\config.php 第 17 行.
INFO: [ app_begin ] --START--
INFO: Run Behavior\ReadHtmlCacheBehavior [ RunTime:0.001000s ]
INFO: [ app_begin ] --END-- [ RunTime:0.001000s ]
SQL: SHOW COLUMNS FROM `hx_admin_user` [ RunTime:0.0060s ]
SQL: SHOW COLUMNS FROM `hx_auth_group` [ RunTime:0.0060s ]
SQL: SHOW COLUMNS FROM `hx_auth_group_access` [ RunTime:0.0060s ]
SQL: SELECT COUNT(*) AS tp_count FROM `hx_admin_user` LIMIT 1   [ RunTime:0.0000s ]
SQL: SELECT * FROM `hx_admin_user` ORDER BY `create_time`,`id` desc LIMIT 0,15   [ RunTime:0.0010s ]
SQL: SELECT * FROM `hx_auth_group_access`  [ RunTime:0.0000s ]
SQL: SELECT * FROM `hx_auth_group`  [ RunTime:0.0000s ]
INFO: [ view_parse ] --START--
INFO: [ template_filter ] --START--
INFO: Run Behavior\ContentReplaceBehavior [ RunTime:0.000000s ]
INFO: [ template_filter ] --END-- [ RunTime:0.000000s ]
INFO: Run Behavior\ParseTemplateBehavior [ RunTime:0.009000s ]
INFO: [ view_parse ] --END-- [ RunTime:0.009000s ]
INFO: [ view_filter ] --START--
INFO: Run Behavior\WriteHtmlCacheBehavior [ RunTime:0.000000s ]
INFO: [ view_filter ] --END-- [ RunTime:0.000000s ]
INFO: [ app_end ] --START--
INFO: Run Behavior\ShowPageTraceBehavior [ RunTime:0.001000s ]
INFO: [ app_end ] --END-- [ RunTime:0.001000s ]

