[ 2016-11-23T18:28:36+08:00 ] 127.0.0.1 /AdminUser/index
INFO: [ app_init ] --START--
INFO: Run Behavior\BuildLiteBehavior [ RunTime:0.000000s ]
INFO: [ app_init ] --END-- [ RunTime:0.001000s ]
NOTIC: [2] mysqli_get_server_info() expects exactly 1 parameter, 0 given E:\WWW\cmf\App\Manager\Conf\config.php 第 17 行.
INFO: [ app_begin ] --START--
INFO: Run Behavior\ReadHtmlCacheBehavior [ RunTime:0.000000s ]
INFO: [ app_begin ] --END-- [ RunTime:0.001000s ]
SQL: SHOW COLUMNS FROM `hx_admin_user` [ RunTime:0.0050s ]
SQL: SHOW COLUMNS FROM `hx_auth_group` [ RunTime:0.0050s ]
SQL: SHOW COLUMNS FROM `hx_auth_group_access` [ RunTime:0.0060s ]
SQL: SELECT COUNT(*) AS tp_count FROM `hx_admin_user` LIMIT 1   [ RunTime:0.0000s ]
SQL: SELECT * FROM `hx_admin_user` ORDER BY `create_time`,`id` desc LIMIT 0,15   [ RunTime:0.0000s ]
SQL: SELECT * FROM `hx_auth_group_access`  [ RunTime:0.0000s ]
NOTIC: [2] array_column() expects parameter 1 to be array, string given E:\WWW\cmf\App\Manager\Controller\AdminUserController.class.php 第 24 行.
NOTIC: [2] array_column() expects parameter 1 to be array, string given E:\WWW\cmf\App\Manager\Controller\AdminUserController.class.php 第 24 行.
NOTIC: [2] array_combine() expects parameter 1 to be array, null given E:\WWW\cmf\App\Manager\Controller\AdminUserController.class.php 第 24 行.
SQL: SELECT * FROM `hx_auth_group`  [ RunTime:0.0000s ]
NOTIC: [2] array_column() expects parameter 1 to be array, string given E:\WWW\cmf\App\Manager\Controller\AdminUserController.class.php 第 26 行.
NOTIC: [2] array_column() expects parameter 1 to be array, string given E:\WWW\cmf\App\Manager\Controller\AdminUserController.class.php 第 26 行.
NOTIC: [2] array_combine() expects parameter 1 to be array, null given E:\WWW\cmf\App\Manager\Controller\AdminUserController.class.php 第 26 行.
INFO: [ view_parse ] --START--
INFO: [ template_filter ] --START--
INFO: Run Behavior\ContentReplaceBehavior [ RunTime:0.000000s ]
INFO: [ template_filter ] --END-- [ RunTime:0.000000s ]
NOTIC: [8] Undefined variable: v E:\WWW\cmf\Runtime\Cache\Manager\fcec44f1d1a696f3819821c5b9e70d97.php 第 234 行.
NOTIC: [8] Undefined variable: v E:\WWW\cmf\Runtime\Cache\Manager\fcec44f1d1a696f3819821c5b9e70d97.php 第 235 行.
NOTIC: [8] Undefined variable: v E:\WWW\cmf\Runtime\Cache\Manager\fcec44f1d1a696f3819821c5b9e70d97.php 第 237 行.
NOTIC: [8] Undefined variable: v E:\WWW\cmf\Runtime\Cache\Manager\fcec44f1d1a696f3819821c5b9e70d97.php 第 243 行.
NOTIC: [8] Undefined variable: v E:\WWW\cmf\Runtime\Cache\Manager\fcec44f1d1a696f3819821c5b9e70d97.php 第 247 行.
NOTIC: [8] Undefined variable: v E:\WWW\cmf\Runtime\Cache\Manager\fcec44f1d1a696f3819821c5b9e70d97.php 第 251 行.
NOTIC: [8] Undefined variable: v E:\WWW\cmf\Runtime\Cache\Manager\fcec44f1d1a696f3819821c5b9e70d97.php 第 256 行.
NOTIC: [8] Undefined variable: v E:\WWW\cmf\Runtime\Cache\Manager\fcec44f1d1a696f3819821c5b9e70d97.php 第 258 行.
INFO: Run Behavior\ParseTemplateBehavior [ RunTime:0.008001s ]
INFO: [ view_parse ] --END-- [ RunTime:0.008001s ]
INFO: [ view_filter ] --START--
INFO: Run Behavior\WriteHtmlCacheBehavior [ RunTime:0.001000s ]
INFO: [ view_filter ] --END-- [ RunTime:0.001000s ]
INFO: [ app_end ] --START--
INFO: Run Behavior\ShowPageTraceBehavior [ RunTime:0.000000s ]
INFO: [ app_end ] --END-- [ RunTime:0.000000s ]

[ 2016-11-23T18:28:37+08:00 ] 127.0.0.1 /AdminUser/index
INFO: [ app_init ] --START--
INFO: Run Behavior\BuildLiteBehavior [ RunTime:0.000000s ]
INFO: [ app_init ] --END-- [ RunTime:0.000000s ]
NOTIC: [2] mysqli_get_server_info() expects exactly 1 parameter, 0 given E:\WWW\cmf\App\Manager\Conf\config.php 第 17 行.
INFO: [ app_begin ] --START--
INFO: Run Behavior\ReadHtmlCacheBehavior [ RunTime:0.000000s ]
INFO: [ app_begin ] --END-- [ RunTime:0.000000s ]
SQL: SHOW COLUMNS FROM `hx_admin_user` [ RunTime:0.0070s ]
SQL: SHOW COLUMNS FROM `hx_auth_group` [ RunTime:0.0070s ]
SQL: SHOW COLUMNS FROM `hx_auth_group_access` [ RunTime:0.0060s ]
SQL: SELECT COUNT(*) AS tp_count FROM `hx_admin_user` LIMIT 1   [ RunTime:0.0010s ]
SQL: SELECT * FROM `hx_admin_user` ORDER BY `create_time`,`id` desc LIMIT 0,15   [ RunTime:0.0010s ]
SQL: SELECT * FROM `hx_auth_group_access`  [ RunTime:0.0000s ]
NOTIC: [2] array_column() expects parameter 1 to be array, string given E:\WWW\cmf\App\Manager\Controller\AdminUserController.class.php 第 24 行.
NOTIC: [2] array_column() expects parameter 1 to be array, string given E:\WWW\cmf\App\Manager\Controller\AdminUserController.class.php 第 24 行.
NOTIC: [2] array_combine() expects parameter 1 to be array, null given E:\WWW\cmf\App\Manager\Controller\AdminUserController.class.php 第 24 行.
SQL: SELECT * FROM `hx_auth_group`  [ RunTime:0.0000s ]
NOTIC: [2] array_column() expects parameter 1 to be array, string given E:\WWW\cmf\App\Manager\Controller\AdminUserController.class.php 第 26 行.
NOTIC: [2] array_column() expects parameter 1 to be array, string given E:\WWW\cmf\App\Manager\Controller\AdminUserController.class.php 第 26 行.
NOTIC: [2] array_combine() expects parameter 1 to be array, null given E:\WWW\cmf\App\Manager\Controller\AdminUserController.class.php 第 26 行.
INFO: [ view_parse ] --START--
INFO: [ template_filter ] --START--
INFO: Run Behavior\ContentReplaceBehavior [ RunTime:0.000000s ]
INFO: [ template_filter ] --END-- [ RunTime:0.000000s ]
NOTIC: [8] Undefined variable: v E:\WWW\cmf\Runtime\Cache\Manager\fcec44f1d1a696f3819821c5b9e70d97.php 第 234 行.
NOTIC: [8] Undefined variable: v E:\WWW\cmf\Runtime\Cache\Manager\fcec44f1d1a696f3819821c5b9e70d97.php 第 235 行.
NOTIC: [8] Undefined variable: v E:\WWW\cmf\Runtime\Cache\Manager\fcec44f1d1a696f3819821c5b9e70d97.php 第 237 行.
NOTIC: [8] Undefined variable: v E:\WWW\cmf\Runtime\Cache\Manager\fcec44f1d1a696f3819821c5b9e70d97.php 第 243 行.
NOTIC: [8] Undefined variable: v E:\WWW\cmf\Runtime\Cache\Manager\fcec44f1d1a696f3819821c5b9e70d97.php 第 247 行.
NOTIC: [8] Undefined variable: v E:\WWW\cmf\Runtime\Cache\Manager\fcec44f1d1a696f3819821c5b9e70d97.php 第 251 行.
NOTIC: [8] Undefined variable: v E:\WWW\cmf\Runtime\Cache\Manager\fcec44f1d1a696f3819821c5b9e70d97.php 第 256 行.
NOTIC: [8] Undefined variable: v E:\WWW\cmf\Runtime\Cache\Manager\fcec44f1d1a696f3819821c5b9e70d97.php 第 258 行.
INFO: Run Behavior\ParseTemplateBehavior [ RunTime:0.011001s ]
INFO: [ view_parse ] --END-- [ RunTime:0.011001s ]
INFO: [ view_filter ] --START--
INFO: Run Behavior\WriteHtmlCacheBehavior [ RunTime:0.000000s ]
INFO: [ view_filter ] --END-- [ RunTime:0.000000s ]
INFO: [ app_end ] --START--
INFO: Run Behavior\ShowPageTraceBehavior [ RunTime:0.001000s ]
INFO: [ app_end ] --END-- [ RunTime:0.001000s ]

[ 2016-11-23T18:28:38+08:00 ] 127.0.0.1 /AdminUser/index
INFO: [ app_init ] --START--
INFO: Run Behavior\BuildLiteBehavior [ RunTime:0.000000s ]
INFO: [ app_init ] --END-- [ RunTime:0.000000s ]
NOTIC: [2] mysqli_get_server_info() expects exactly 1 parameter, 0 given E:\WWW\cmf\App\Manager\Conf\config.php 第 17 行.
INFO: [ app_begin ] --START--
INFO: Run Behavior\ReadHtmlCacheBehavior [ RunTime:0.000000s ]
INFO: [ app_begin ] --END-- [ RunTime:0.000000s ]
SQL: SHOW COLUMNS FROM `hx_admin_user` [ RunTime:0.0060s ]
SQL: SHOW COLUMNS FROM `hx_auth_group` [ RunTime:0.0070s ]
SQL: SHOW COLUMNS FROM `hx_auth_group_access` [ RunTime:0.0060s ]
SQL: SELECT COUNT(*) AS tp_count FROM `hx_admin_user` LIMIT 1   [ RunTime:0.0000s ]
SQL: SELECT * FROM `hx_admin_user` ORDER BY `create_time`,`id` desc LIMIT 0,15   [ RunTime:0.0000s ]
SQL: SELECT * FROM `hx_auth_group_access`  [ RunTime:0.0000s ]
NOTIC: [2] array_column() expects parameter 1 to be array, string given E:\WWW\cmf\App\Manager\Controller\AdminUserController.class.php 第 24 行.
NOTIC: [2] array_column() expects parameter 1 to be array, string given E:\WWW\cmf\App\Manager\Controller\AdminUserController.class.php 第 24 行.
NOTIC: [2] array_combine() expects parameter 1 to be array, null given E:\WWW\cmf\App\Manager\Controller\AdminUserController.class.php 第 24 行.
SQL: SELECT * FROM `hx_auth_group`  [ RunTime:0.0000s ]
NOTIC: [2] array_column() expects parameter 1 to be array, string given E:\WWW\cmf\App\Manager\Controller\AdminUserController.class.php 第 26 行.
NOTIC: [2] array_column() expects parameter 1 to be array, string given E:\WWW\cmf\App\Manager\Controller\AdminUserController.class.php 第 26 行.
NOTIC: [2] array_combine() expects parameter 1 to be array, null given E:\WWW\cmf\App\Manager\Controller\AdminUserController.class.php 第 26 行.
INFO: [ view_parse ] --START--
INFO: [ template_filter ] --START--
INFO: Run Behavior\ContentReplaceBehavior [ RunTime:0.000000s ]
INFO: [ template_filter ] --END-- [ RunTime:0.000000s ]
NOTIC: [8] Undefined variable: v E:\WWW\cmf\Runtime\Cache\Manager\fcec44f1d1a696f3819821c5b9e70d97.php 第 234 行.
NOTIC: [8] Undefined variable: v E:\WWW\cmf\Runtime\Cache\Manager\fcec44f1d1a696f3819821c5b9e70d97.php 第 235 行.
NOTIC: [8] Undefined variable: v E:\WWW\cmf\Runtime\Cache\Manager\fcec44f1d1a696f3819821c5b9e70d97.php 第 237 行.
NOTIC: [8] Undefined variable: v E:\WWW\cmf\Runtime\Cache\Manager\fcec44f1d1a696f3819821c5b9e70d97.php 第 243 行.
NOTIC: [8] Undefined variable: v E:\WWW\cmf\Runtime\Cache\Manager\fcec44f1d1a696f3819821c5b9e70d97.php 第 247 行.
NOTIC: [8] Undefined variable: v E:\WWW\cmf\Runtime\Cache\Manager\fcec44f1d1a696f3819821c5b9e70d97.php 第 251 行.
NOTIC: [8] Undefined variable: v E:\WWW\cmf\Runtime\Cache\Manager\fcec44f1d1a696f3819821c5b9e70d97.php 第 256 行.
NOTIC: [8] Undefined variable: v E:\WWW\cmf\Runtime\Cache\Manager\fcec44f1d1a696f3819821c5b9e70d97.php 第 258 行.
INFO: Run Behavior\ParseTemplateBehavior [ RunTime:0.008000s ]
INFO: [ view_parse ] --END-- [ RunTime:0.008000s ]
INFO: [ view_filter ] --START--
INFO: Run Behavior\WriteHtmlCacheBehavior [ RunTime:0.001000s ]
INFO: [ view_filter ] --END-- [ RunTime:0.001000s ]
INFO: [ app_end ] --START--
INFO: Run Behavior\ShowPageTraceBehavior [ RunTime:0.000000s ]
INFO: [ app_end ] --END-- [ RunTime:0.000000s ]

[ 2016-11-23T18:28:38+08:00 ] 127.0.0.1 /AdminUser/index
INFO: [ app_init ] --START--
INFO: Run Behavior\BuildLiteBehavior [ RunTime:0.000000s ]
INFO: [ app_init ] --END-- [ RunTime:0.000000s ]
NOTIC: [2] mysqli_get_server_info() expects exactly 1 parameter, 0 given E:\WWW\cmf\App\Manager\Conf\config.php 第 17 行.
INFO: [ app_begin ] --START--
INFO: Run Behavior\ReadHtmlCacheBehavior [ RunTime:0.000000s ]
INFO: [ app_begin ] --END-- [ RunTime:0.001000s ]
SQL: SHOW COLUMNS FROM `hx_admin_user` [ RunTime:0.0060s ]
SQL: SHOW COLUMNS FROM `hx_auth_group` [ RunTime:0.0080s ]
SQL: SHOW COLUMNS FROM `hx_auth_group_access` [ RunTime:0.0060s ]
SQL: SELECT COUNT(*) AS tp_count FROM `hx_admin_user` LIMIT 1   [ RunTime:0.0010s ]
SQL: SELECT * FROM `hx_admin_user` ORDER BY `create_time`,`id` desc LIMIT 0,15   [ RunTime:0.0000s ]
SQL: SELECT * FROM `hx_auth_group_access`  [ RunTime:0.0010s ]
NOTIC: [2] array_column() expects parameter 1 to be array, string given E:\WWW\cmf\App\Manager\Controller\AdminUserController.class.php 第 24 行.
NOTIC: [2] array_column() expects parameter 1 to be array, string given E:\WWW\cmf\App\Manager\Controller\AdminUserController.class.php 第 24 行.
NOTIC: [2] array_combine() expects parameter 1 to be array, null given E:\WWW\cmf\App\Manager\Controller\AdminUserController.class.php 第 24 行.
SQL: SELECT * FROM `hx_auth_group`  [ RunTime:0.0000s ]
NOTIC: [2] array_column() expects parameter 1 to be array, string given E:\WWW\cmf\App\Manager\Controller\AdminUserController.class.php 第 26 行.
NOTIC: [2] array_column() expects parameter 1 to be array, string given E:\WWW\cmf\App\Manager\Controller\AdminUserController.class.php 第 26 行.
NOTIC: [2] array_combine() expects parameter 1 to be array, null given E:\WWW\cmf\App\Manager\Controller\AdminUserController.class.php 第 26 行.
INFO: [ view_parse ] --START--
INFO: [ template_filter ] --START--
INFO: Run Behavior\ContentReplaceBehavior [ RunTime:0.000000s ]
INFO: [ template_filter ] --END-- [ RunTime:0.000000s ]
NOTIC: [8] Undefined variable: v E:\WWW\cmf\Runtime\Cache\Manager\fcec44f1d1a696f3819821c5b9e70d97.php 第 234 行.
NOTIC: [8] Undefined variable: v E:\WWW\cmf\Runtime\Cache\Manager\fcec44f1d1a696f3819821c5b9e70d97.php 第 235 行.
NOTIC: [8] Undefined variable: v E:\WWW\cmf\Runtime\Cache\Manager\fcec44f1d1a696f3819821c5b9e70d97.php 第 237 行.
NOTIC: [8] Undefined variable: v E:\WWW\cmf\Runtime\Cache\Manager\fcec44f1d1a696f3819821c5b9e70d97.php 第 243 行.
NOTIC: [8] Undefined variable: v E:\WWW\cmf\Runtime\Cache\Manager\fcec44f1d1a696f3819821c5b9e70d97.php 第 247 行.
NOTIC: [8] Undefined variable: v E:\WWW\cmf\Runtime\Cache\Manager\fcec44f1d1a696f3819821c5b9e70d97.php 第 251 行.
NOTIC: [8] Undefined variable: v E:\WWW\cmf\Runtime\Cache\Manager\fcec44f1d1a696f3819821c5b9e70d97.php 第 256 行.
NOTIC: [8] Undefined variable: v E:\WWW\cmf\Runtime\Cache\Manager\fcec44f1d1a696f3819821c5b9e70d97.php 第 258 行.
INFO: Run Behavior\ParseTemplateBehavior [ RunTime:0.008000s ]
INFO: [ view_parse ] --END-- [ RunTime:0.008000s ]
INFO: [ view_filter ] --START--
INFO: Run Behavior\WriteHtmlCacheBehavior [ RunTime:0.000000s ]
INFO: [ view_filter ] --END-- [ RunTime:0.000000s ]
INFO: [ app_end ] --START--
INFO: Run Behavior\ShowPageTraceBehavior [ RunTime:0.000000s ]
INFO: [ app_end ] --END-- [ RunTime:0.000000s ]

[ 2016-11-23T18:28:38+08:00 ] 127.0.0.1 /AdminUser/index
INFO: [ app_init ] --START--
INFO: Run Behavior\BuildLiteBehavior [ RunTime:0.000000s ]
INFO: [ app_init ] --END-- [ RunTime:0.000000s ]
NOTIC: [2] mysqli_get_server_info() expects exactly 1 parameter, 0 given E:\WWW\cmf\App\Manager\Conf\config.php 第 17 行.
INFO: [ app_begin ] --START--
INFO: Run Behavior\ReadHtmlCacheBehavior [ RunTime:0.000000s ]
INFO: [ app_begin ] --END-- [ RunTime:0.000000s ]
SQL: SHOW COLUMNS FROM `hx_admin_user` [ RunTime:0.0050s ]
SQL: SHOW COLUMNS FROM `hx_auth_group` [ RunTime:0.0050s ]
SQL: SHOW COLUMNS FROM `hx_auth_group_access` [ RunTime:0.0060s ]
SQL: SELECT COUNT(*) AS tp_count FROM `hx_admin_user` LIMIT 1   [ RunTime:0.0000s ]
SQL: SELECT * FROM `hx_admin_user` ORDER BY `create_time`,`id` desc LIMIT 0,15   [ RunTime:0.0000s ]
SQL: SELECT * FROM `hx_auth_group_access`  [ RunTime:0.0000s ]
NOTIC: [2] array_column() expects parameter 1 to be array, string given E:\WWW\cmf\App\Manager\Controller\AdminUserController.class.php 第 24 行.
NOTIC: [2] array_column() expects parameter 1 to be array, string given E:\WWW\cmf\App\Manager\Controller\AdminUserController.class.php 第 24 行.
NOTIC: [2] array_combine() expects parameter 1 to be array, null given E:\WWW\cmf\App\Manager\Controller\AdminUserController.class.php 第 24 行.
SQL: SELECT * FROM `hx_auth_group`  [ RunTime:0.0000s ]
NOTIC: [2] array_column() expects parameter 1 to be array, string given E:\WWW\cmf\App\Manager\Controller\AdminUserController.class.php 第 26 行.
NOTIC: [2] array_column() expects parameter 1 to be array, string given E:\WWW\cmf\App\Manager\Controller\AdminUserController.class.php 第 26 行.
NOTIC: [2] array_combine() expects parameter 1 to be array, null given E:\WWW\cmf\App\Manager\Controller\AdminUserController.class.php 第 26 行.
INFO: [ view_parse ] --START--
INFO: [ template_filter ] --START--
INFO: Run Behavior\ContentReplaceBehavior [ RunTime:0.000000s ]
INFO: [ template_filter ] --END-- [ RunTime:0.000000s ]
NOTIC: [8] Undefined variable: v E:\WWW\cmf\Runtime\Cache\Manager\fcec44f1d1a696f3819821c5b9e70d97.php 第 234 行.
NOTIC: [8] Undefined variable: v E:\WWW\cmf\Runtime\Cache\Manager\fcec44f1d1a696f3819821c5b9e70d97.php 第 235 行.
NOTIC: [8] Undefined variable: v E:\WWW\cmf\Runtime\Cache\Manager\fcec44f1d1a696f3819821c5b9e70d97.php 第 237 行.
NOTIC: [8] Undefined variable: v E:\WWW\cmf\Runtime\Cache\Manager\fcec44f1d1a696f3819821c5b9e70d97.php 第 243 行.
NOTIC: [8] Undefined variable: v E:\WWW\cmf\Runtime\Cache\Manager\fcec44f1d1a696f3819821c5b9e70d97.php 第 247 行.
NOTIC: [8] Undefined variable: v E:\WWW\cmf\Runtime\Cache\Manager\fcec44f1d1a696f3819821c5b9e70d97.php 第 251 行.
NOTIC: [8] Undefined variable: v E:\WWW\cmf\Runtime\Cache\Manager\fcec44f1d1a696f3819821c5b9e70d97.php 第 256 行.
NOTIC: [8] Undefined variable: v E:\WWW\cmf\Runtime\Cache\Manager\fcec44f1d1a696f3819821c5b9e70d97.php 第 258 行.
INFO: Run Behavior\ParseTemplateBehavior [ RunTime:0.008000s ]
INFO: [ view_parse ] --END-- [ RunTime:0.008000s ]
INFO: [ view_filter ] --START--
INFO: Run Behavior\WriteHtmlCacheBehavior [ RunTime:0.005000s ]
INFO: [ view_filter ] --END-- [ RunTime:0.005000s ]
INFO: [ app_end ] --START--
INFO: Run Behavior\ShowPageTraceBehavior [ RunTime:0.001000s ]
INFO: [ app_end ] --END-- [ RunTime:0.001000s ]

[ 2016-11-23T18:28:38+08:00 ] 127.0.0.1 /AdminUser/index
INFO: [ app_init ] --START--
INFO: Run Behavior\BuildLiteBehavior [ RunTime:0.000000s ]
INFO: [ app_init ] --END-- [ RunTime:0.001000s ]
NOTIC: [2] mysqli_get_server_info() expects exactly 1 parameter, 0 given E:\WWW\cmf\App\Manager\Conf\config.php 第 17 行.
INFO: [ app_begin ] --START--
INFO: Run Behavior\ReadHtmlCacheBehavior [ RunTime:0.001000s ]
INFO: [ app_begin ] --END-- [ RunTime:0.001000s ]
SQL: SHOW COLUMNS FROM `hx_admin_user` [ RunTime:0.0070s ]
SQL: SHOW COLUMNS FROM `hx_auth_group` [ RunTime:0.0070s ]
SQL: SHOW COLUMNS FROM `hx_auth_group_access` [ RunTime:0.0060s ]
SQL: SELECT COUNT(*) AS tp_count FROM `hx_admin_user` LIMIT 1   [ RunTime:0.0000s ]
SQL: SELECT * FROM `hx_admin_user` ORDER BY `create_time`,`id` desc LIMIT 0,15   [ RunTime:0.0000s ]
SQL: SELECT * FROM `hx_auth_group_access`  [ RunTime:0.0000s ]
NOTIC: [2] array_column() expects parameter 1 to be array, string given E:\WWW\cmf\App\Manager\Controller\AdminUserController.class.php 第 24 行.
NOTIC: [2] array_column() expects parameter 1 to be array, string given E:\WWW\cmf\App\Manager\Controller\AdminUserController.class.php 第 24 行.
NOTIC: [2] array_combine() expects parameter 1 to be array, null given E:\WWW\cmf\App\Manager\Controller\AdminUserController.class.php 第 24 行.
SQL: SELECT * FROM `hx_auth_group`  [ RunTime:0.0000s ]
NOTIC: [2] array_column() expects parameter 1 to be array, string given E:\WWW\cmf\App\Manager\Controller\AdminUserController.class.php 第 26 行.
NOTIC: [2] array_column() expects parameter 1 to be array, string given E:\WWW\cmf\App\Manager\Controller\AdminUserController.class.php 第 26 行.
NOTIC: [2] array_combine() expects parameter 1 to be array, null given E:\WWW\cmf\App\Manager\Controller\AdminUserController.class.php 第 26 行.
INFO: [ view_parse ] --START--
INFO: [ template_filter ] --START--
INFO: Run Behavior\ContentReplaceBehavior [ RunTime:0.000000s ]
INFO: [ template_filter ] --END-- [ RunTime:0.000000s ]
NOTIC: [8] Undefined variable: v E:\WWW\cmf\Runtime\Cache\Manager\fcec44f1d1a696f3819821c5b9e70d97.php 第 234 行.
NOTIC: [8] Undefined variable: v E:\WWW\cmf\Runtime\Cache\Manager\fcec44f1d1a696f3819821c5b9e70d97.php 第 235 行.
NOTIC: [8] Undefined variable: v E:\WWW\cmf\Runtime\Cache\Manager\fcec44f1d1a696f3819821c5b9e70d97.php 第 237 行.
NOTIC: [8] Undefined variable: v E:\WWW\cmf\Runtime\Cache\Manager\fcec44f1d1a696f3819821c5b9e70d97.php 第 243 行.
NOTIC: [8] Undefined variable: v E:\WWW\cmf\Runtime\Cache\Manager\fcec44f1d1a696f3819821c5b9e70d97.php 第 247 行.
NOTIC: [8] Undefined variable: v E:\WWW\cmf\Runtime\Cache\Manager\fcec44f1d1a696f3819821c5b9e70d97.php 第 251 行.
NOTIC: [8] Undefined variable: v E:\WWW\cmf\Runtime\Cache\Manager\fcec44f1d1a696f3819821c5b9e70d97.php 第 256 行.
NOTIC: [8] Undefined variable: v E:\WWW\cmf\Runtime\Cache\Manager\fcec44f1d1a696f3819821c5b9e70d97.php 第 258 行.
INFO: Run Behavior\ParseTemplateBehavior [ RunTime:0.007000s ]
INFO: [ view_parse ] --END-- [ RunTime:0.007000s ]
INFO: [ view_filter ] --START--
INFO: Run Behavior\WriteHtmlCacheBehavior [ RunTime:0.001000s ]
INFO: [ view_filter ] --END-- [ RunTime:0.001000s ]
INFO: [ app_end ] --START--
INFO: Run Behavior\ShowPageTraceBehavior [ RunTime:0.000000s ]
INFO: [ app_end ] --END-- [ RunTime:0.000000s ]

[ 2016-11-23T18:28:58+08:00 ] 127.0.0.1 /AdminUser/index
INFO: [ app_init ] --START--
INFO: Run Behavior\BuildLiteBehavior [ RunTime:0.000000s ]
INFO: [ app_init ] --END-- [ RunTime:0.000000s ]
NOTIC: [2] mysqli_get_server_info() expects exactly 1 parameter, 0 given E:\WWW\cmf\App\Manager\Conf\config.php 第 17 行.
INFO: [ app_begin ] --START--
INFO: Run Behavior\ReadHtmlCacheBehavior [ RunTime:0.000000s ]
INFO: [ app_begin ] --END-- [ RunTime:0.000000s ]
SQL: SHOW COLUMNS FROM `hx_admin_user` [ RunTime:0.0070s ]
SQL: SHOW COLUMNS FROM `hx_auth_group` [ RunTime:0.0060s ]
SQL: SHOW COLUMNS FROM `hx_auth_group_access` [ RunTime:0.0060s ]
SQL: SELECT COUNT(*) AS tp_count FROM `hx_admin_user` LIMIT 1   [ RunTime:0.0010s ]
SQL: SELECT * FROM `hx_admin_user` ORDER BY `create_time`,`id` desc LIMIT 0,15   [ RunTime:0.0000s ]
SQL: SELECT * FROM `hx_auth_group_access`  [ RunTime:0.0010s ]
NOTIC: [2] array_column() expects parameter 1 to be array, string given E:\WWW\cmf\App\Manager\Controller\AdminUserController.class.php 第 24 行.
NOTIC: [2] array_column() expects parameter 1 to be array, string given E:\WWW\cmf\App\Manager\Controller\AdminUserController.class.php 第 24 行.
NOTIC: [2] array_combine() expects parameter 1 to be array, null given E:\WWW\cmf\App\Manager\Controller\AdminUserController.class.php 第 24 行.
SQL: SELECT * FROM `hx_auth_group`  [ RunTime:0.0000s ]
NOTIC: [2] array_column() expects parameter 1 to be array, string given E:\WWW\cmf\App\Manager\Controller\AdminUserController.class.php 第 26 行.
NOTIC: [2] array_column() expects parameter 1 to be array, string given E:\WWW\cmf\App\Manager\Controller\AdminUserController.class.php 第 26 行.
NOTIC: [2] array_combine() expects parameter 1 to be array, null given E:\WWW\cmf\App\Manager\Controller\AdminUserController.class.php 第 26 行.
INFO: [ view_parse ] --START--
INFO: [ template_filter ] --START--
INFO: Run Behavior\ContentReplaceBehavior [ RunTime:0.000000s ]
INFO: [ template_filter ] --END-- [ RunTime:0.000000s ]
NOTIC: [8] Undefined variable: v E:\WWW\cmf\Runtime\Cache\Manager\fcec44f1d1a696f3819821c5b9e70d97.php 第 234 行.
NOTIC: [8] Undefined variable: v E:\WWW\cmf\Runtime\Cache\Manager\fcec44f1d1a696f3819821c5b9e70d97.php 第 235 行.
INFO: Run Behavior\ParseTemplateBehavior [ RunTime:0.008000s ]
INFO: [ view_parse ] --END-- [ RunTime:0.008000s ]
INFO: [ view_filter ] --START--
INFO: Run Behavior\WriteHtmlCacheBehavior [ RunTime:0.000000s ]
INFO: [ view_filter ] --END-- [ RunTime:0.000000s ]
INFO: [ app_end ] --START--
INFO: Run Behavior\ShowPageTraceBehavior [ RunTime:0.000000s ]
INFO: [ app_end ] --END-- [ RunTime:0.000000s ]

[ 2016-11-23T18:28:59+08:00 ] 127.0.0.1 /AdminUser/index
INFO: [ app_init ] --START--
INFO: Run Behavior\BuildLiteBehavior [ RunTime:0.000000s ]
INFO: [ app_init ] --END-- [ RunTime:0.001000s ]
NOTIC: [2] mysqli_get_server_info() expects exactly 1 parameter, 0 given E:\WWW\cmf\App\Manager\Conf\config.php 第 17 行.
INFO: [ app_begin ] --START--
INFO: Run Behavior\ReadHtmlCacheBehavior [ RunTime:0.000000s ]
INFO: [ app_begin ] --END-- [ RunTime:0.000000s ]
SQL: SHOW COLUMNS FROM `hx_admin_user` [ RunTime:0.0060s ]
SQL: SHOW COLUMNS FROM `hx_auth_group` [ RunTime:0.0060s ]
SQL: SHOW COLUMNS FROM `hx_auth_group_access` [ RunTime:0.0050s ]
SQL: SELECT COUNT(*) AS tp_count FROM `hx_admin_user` LIMIT 1   [ RunTime:0.0000s ]
SQL: SELECT * FROM `hx_admin_user` ORDER BY `create_time`,`id` desc LIMIT 0,15   [ RunTime:0.0010s ]
SQL: SELECT * FROM `hx_auth_group_access`  [ RunTime:0.0000s ]
NOTIC: [2] array_column() expects parameter 1 to be array, string given E:\WWW\cmf\App\Manager\Controller\AdminUserController.class.php 第 24 行.
NOTIC: [2] array_column() expects parameter 1 to be array, string given E:\WWW\cmf\App\Manager\Controller\AdminUserController.class.php 第 24 行.
NOTIC: [2] array_combine() expects parameter 1 to be array, null given E:\WWW\cmf\App\Manager\Controller\AdminUserController.class.php 第 24 行.
SQL: SELECT * FROM `hx_auth_group`  [ RunTime:0.0000s ]
NOTIC: [2] array_column() expects parameter 1 to be array, string given E:\WWW\cmf\App\Manager\Controller\AdminUserController.class.php 第 26 行.
NOTIC: [2] array_column() expects parameter 1 to be array, string given E:\WWW\cmf\App\Manager\Controller\AdminUserController.class.php 第 26 行.
NOTIC: [2] array_combine() expects parameter 1 to be array, null given E:\WWW\cmf\App\Manager\Controller\AdminUserController.class.php 第 26 行.
INFO: [ view_parse ] --START--
INFO: [ template_filter ] --START--
INFO: Run Behavior\ContentReplaceBehavior [ RunTime:0.000000s ]
INFO: [ template_filter ] --END-- [ RunTime:0.000000s ]
NOTIC: [8] Undefined variable: v E:\WWW\cmf\Runtime\Cache\Manager\fcec44f1d1a696f3819821c5b9e70d97.php 第 234 行.
NOTIC: [8] Undefined variable: v E:\WWW\cmf\Runtime\Cache\Manager\fcec44f1d1a696f3819821c5b9e70d97.php 第 235 行.
INFO: Run Behavior\ParseTemplateBehavior [ RunTime:0.007000s ]
INFO: [ view_parse ] --END-- [ RunTime:0.008001s ]
INFO: [ view_filter ] --START--
INFO: Run Behavior\WriteHtmlCacheBehavior [ RunTime:0.000000s ]
INFO: [ view_filter ] --END-- [ RunTime:0.000000s ]
INFO: [ app_end ] --START--
INFO: Run Behavior\ShowPageTraceBehavior [ RunTime:0.000000s ]
INFO: [ app_end ] --END-- [ RunTime:0.000000s ]

[ 2016-11-23T18:28:59+08:00 ] 127.0.0.1 /AdminUser/index
INFO: [ app_init ] --START--
INFO: Run Behavior\BuildLiteBehavior [ RunTime:0.000000s ]
INFO: [ app_init ] --END-- [ RunTime:0.001000s ]
NOTIC: [2] mysqli_get_server_info() expects exactly 1 parameter, 0 given E:\WWW\cmf\App\Manager\Conf\config.php 第 17 行.
INFO: [ app_begin ] --START--
INFO: Run Behavior\ReadHtmlCacheBehavior [ RunTime:0.001000s ]
INFO: [ app_begin ] --END-- [ RunTime:0.001000s ]
SQL: SHOW COLUMNS FROM `hx_admin_user` [ RunTime:0.0060s ]
SQL: SHOW COLUMNS FROM `hx_auth_group` [ RunTime:0.0080s ]
SQL: SHOW COLUMNS FROM `hx_auth_group_access` [ RunTime:0.0070s ]
SQL: SELECT COUNT(*) AS tp_count FROM `hx_admin_user` LIMIT 1   [ RunTime:0.0000s ]
SQL: SELECT * FROM `hx_admin_user` ORDER BY `create_time`,`id` desc LIMIT 0,15   [ RunTime:0.0000s ]
SQL: SELECT * FROM `hx_auth_group_access`  [ RunTime:0.0000s ]
NOTIC: [2] array_column() expects parameter 1 to be array, string given E:\WWW\cmf\App\Manager\Controller\AdminUserController.class.php 第 24 行.
NOTIC: [2] array_column() expects parameter 1 to be array, string given E:\WWW\cmf\App\Manager\Controller\AdminUserController.class.php 第 24 行.
NOTIC: [2] array_combine() expects parameter 1 to be array, null given E:\WWW\cmf\App\Manager\Controller\AdminUserController.class.php 第 24 行.
SQL: SELECT * FROM `hx_auth_group`  [ RunTime:0.0000s ]
NOTIC: [2] array_column() expects parameter 1 to be array, string given E:\WWW\cmf\App\Manager\Controller\AdminUserController.class.php 第 26 行.
NOTIC: [2] array_column() expects parameter 1 to be array, string given E:\WWW\cmf\App\Manager\Controller\AdminUserController.class.php 第 26 行.
NOTIC: [2] array_combine() expects parameter 1 to be array, null given E:\WWW\cmf\App\Manager\Controller\AdminUserController.class.php 第 26 行.
INFO: [ view_parse ] --START--
INFO: [ template_filter ] --START--
INFO: Run Behavior\ContentReplaceBehavior [ RunTime:0.000000s ]
INFO: [ template_filter ] --END-- [ RunTime:0.000000s ]
NOTIC: [8] Undefined variable: v E:\WWW\cmf\Runtime\Cache\Manager\fcec44f1d1a696f3819821c5b9e70d97.php 第 234 行.
NOTIC: [8] Undefined variable: v E:\WWW\cmf\Runtime\Cache\Manager\fcec44f1d1a696f3819821c5b9e70d97.php 第 235 行.
INFO: Run Behavior\ParseTemplateBehavior [ RunTime:0.007000s ]
INFO: [ view_parse ] --END-- [ RunTime:0.007000s ]
INFO: [ view_filter ] --START--
INFO: Run Behavior\WriteHtmlCacheBehavior [ RunTime:0.000000s ]
INFO: [ view_filter ] --END-- [ RunTime:0.000000s ]
INFO: [ app_end ] --START--
INFO: Run Behavior\ShowPageTraceBehavior [ RunTime:0.001000s ]
INFO: [ app_end ] --END-- [ RunTime:0.001000s ]

[ 2016-11-23T18:28:59+08:00 ] 127.0.0.1 /AdminUser/index
INFO: [ app_init ] --START--
INFO: Run Behavior\BuildLiteBehavior [ RunTime:0.000000s ]
INFO: [ app_init ] --END-- [ RunTime:0.000000s ]
NOTIC: [2] mysqli_get_server_info() expects exactly 1 parameter, 0 given E:\WWW\cmf\App\Manager\Conf\config.php 第 17 行.
INFO: [ app_begin ] --START--
INFO: Run Behavior\ReadHtmlCacheBehavior [ RunTime:0.000000s ]
INFO: [ app_begin ] --END-- [ RunTime:0.000000s ]
SQL: SHOW COLUMNS FROM `hx_admin_user` [ RunTime:0.0070s ]
SQL: SHOW COLUMNS FROM `hx_auth_group` [ RunTime:0.0060s ]
SQL: SHOW COLUMNS FROM `hx_auth_group_access` [ RunTime:0.0060s ]
SQL: SELECT COUNT(*) AS tp_count FROM `hx_admin_user` LIMIT 1   [ RunTime:0.0000s ]
SQL: SELECT * FROM `hx_admin_user` ORDER BY `create_time`,`id` desc LIMIT 0,15   [ RunTime:0.0000s ]
SQL: SELECT * FROM `hx_auth_group_access`  [ RunTime:0.0000s ]
NOTIC: [2] array_column() expects parameter 1 to be array, string given E:\WWW\cmf\App\Manager\Controller\AdminUserController.class.php 第 24 行.
NOTIC: [2] array_column() expects parameter 1 to be array, string given E:\WWW\cmf\App\Manager\Controller\AdminUserController.class.php 第 24 行.
NOTIC: [2] array_combine() expects parameter 1 to be array, null given E:\WWW\cmf\App\Manager\Controller\AdminUserController.class.php 第 24 行.
SQL: SELECT * FROM `hx_auth_group`  [ RunTime:0.0010s ]
NOTIC: [2] array_column() expects parameter 1 to be array, string given E:\WWW\cmf\App\Manager\Controller\AdminUserController.class.php 第 26 行.
NOTIC: [2] array_column() expects parameter 1 to be array, string given E:\WWW\cmf\App\Manager\Controller\AdminUserController.class.php 第 26 行.
NOTIC: [2] array_combine() expects parameter 1 to be array, null given E:\WWW\cmf\App\Manager\Controller\AdminUserController.class.php 第 26 行.
INFO: [ view_parse ] --START--
INFO: [ template_filter ] --START--
INFO: Run Behavior\ContentReplaceBehavior [ RunTime:0.000000s ]
INFO: [ template_filter ] --END-- [ RunTime:0.000000s ]
NOTIC: [8] Undefined variable: v E:\WWW\cmf\Runtime\Cache\Manager\fcec44f1d1a696f3819821c5b9e70d97.php 第 234 行.
NOTIC: [8] Undefined variable: v E:\WWW\cmf\Runtime\Cache\Manager\fcec44f1d1a696f3819821c5b9e70d97.php 第 235 行.
INFO: Run Behavior\ParseTemplateBehavior [ RunTime:0.008001s ]
INFO: [ view_parse ] --END-- [ RunTime:0.008001s ]
INFO: [ view_filter ] --START--
INFO: Run Behavior\WriteHtmlCacheBehavior [ RunTime:0.000000s ]
INFO: [ view_filter ] --END-- [ RunTime:0.000000s ]
INFO: [ app_end ] --START--
INFO: Run Behavior\ShowPageTraceBehavior [ RunTime:0.001000s ]
INFO: [ app_end ] --END-- [ RunTime:0.001000s ]

[ 2016-11-23T18:28:59+08:00 ] 127.0.0.1 /AdminUser/index
INFO: [ app_init ] --START--
INFO: Run Behavior\BuildLiteBehavior [ RunTime:0.000000s ]
INFO: [ app_init ] --END-- [ RunTime:0.001000s ]
NOTIC: [2] mysqli_get_server_info() expects exactly 1 parameter, 0 given E:\WWW\cmf\App\Manager\Conf\config.php 第 17 行.
INFO: [ app_begin ] --START--
INFO: Run Behavior\ReadHtmlCacheBehavior [ RunTime:0.001001s ]
INFO: [ app_begin ] --END-- [ RunTime:0.001001s ]
SQL: SHOW COLUMNS FROM `hx_admin_user` [ RunTime:0.0060s ]
SQL: SHOW COLUMNS FROM `hx_auth_group` [ RunTime:0.0060s ]
SQL: SHOW COLUMNS FROM `hx_auth_group_access` [ RunTime:0.0050s ]
SQL: SELECT COUNT(*) AS tp_count FROM `hx_admin_user` LIMIT 1   [ RunTime:0.0000s ]
SQL: SELECT * FROM `hx_admin_user` ORDER BY `create_time`,`id` desc LIMIT 0,15   [ RunTime:0.0000s ]
SQL: SELECT * FROM `hx_auth_group_access`  [ RunTime:0.0000s ]
NOTIC: [2] array_column() expects parameter 1 to be array, string given E:\WWW\cmf\App\Manager\Controller\AdminUserController.class.php 第 24 行.
NOTIC: [2] array_column() expects parameter 1 to be array, string given E:\WWW\cmf\App\Manager\Controller\AdminUserController.class.php 第 24 行.
NOTIC: [2] array_combine() expects parameter 1 to be array, null given E:\WWW\cmf\App\Manager\Controller\AdminUserController.class.php 第 24 行.
SQL: SELECT * FROM `hx_auth_group`  [ RunTime:0.0010s ]
NOTIC: [2] array_column() expects parameter 1 to be array, string given E:\WWW\cmf\App\Manager\Controller\AdminUserController.class.php 第 26 行.
NOTIC: [2] array_column() expects parameter 1 to be array, string given E:\WWW\cmf\App\Manager\Controller\AdminUserController.class.php 第 26 行.
NOTIC: [2] array_combine() expects parameter 1 to be array, null given E:\WWW\cmf\App\Manager\Controller\AdminUserController.class.php 第 26 行.
INFO: [ view_parse ] --START--
INFO: [ template_filter ] --START--
INFO: Run Behavior\ContentReplaceBehavior [ RunTime:0.000000s ]
INFO: [ template_filter ] --END-- [ RunTime:0.000000s ]
NOTIC: [8] Undefined variable: v E:\WWW\cmf\Runtime\Cache\Manager\fcec44f1d1a696f3819821c5b9e70d97.php 第 234 行.
NOTIC: [8] Undefined variable: v E:\WWW\cmf\Runtime\Cache\Manager\fcec44f1d1a696f3819821c5b9e70d97.php 第 235 行.
INFO: Run Behavior\ParseTemplateBehavior [ RunTime:0.007000s ]
INFO: [ view_parse ] --END-- [ RunTime:0.007000s ]
INFO: [ view_filter ] --START--
INFO: Run Behavior\WriteHtmlCacheBehavior [ RunTime:0.000000s ]
INFO: [ view_filter ] --END-- [ RunTime:0.000000s ]
INFO: [ app_end ] --START--
INFO: Run Behavior\ShowPageTraceBehavior [ RunTime:0.000000s ]
INFO: [ app_end ] --END-- [ RunTime:0.000000s ]

[ 2016-11-23T18:29:00+08:00 ] 127.0.0.1 /AdminUser/index
INFO: [ app_init ] --START--
INFO: Run Behavior\BuildLiteBehavior [ RunTime:0.000000s ]
INFO: [ app_init ] --END-- [ RunTime:0.000000s ]
NOTIC: [2] mysqli_get_server_info() expects exactly 1 parameter, 0 given E:\WWW\cmf\App\Manager\Conf\config.php 第 17 行.
INFO: [ app_begin ] --START--
INFO: Run Behavior\ReadHtmlCacheBehavior [ RunTime:0.001000s ]
INFO: [ app_begin ] --END-- [ RunTime:0.001000s ]
SQL: SHOW COLUMNS FROM `hx_admin_user` [ RunTime:0.0060s ]
SQL: SHOW COLUMNS FROM `hx_auth_group` [ RunTime:0.0060s ]
SQL: SHOW COLUMNS FROM `hx_auth_group_access` [ RunTime:0.0060s ]
SQL: SELECT COUNT(*) AS tp_count FROM `hx_admin_user` LIMIT 1   [ RunTime:0.0000s ]
SQL: SELECT * FROM `hx_admin_user` ORDER BY `create_time`,`id` desc LIMIT 0,15   [ RunTime:0.0000s ]
SQL: SELECT * FROM `hx_auth_group_access`  [ RunTime:0.0000s ]
NOTIC: [2] array_column() expects parameter 1 to be array, string given E:\WWW\cmf\App\Manager\Controller\AdminUserController.class.php 第 24 行.
NOTIC: [2] array_column() expects parameter 1 to be array, string given E:\WWW\cmf\App\Manager\Controller\AdminUserController.class.php 第 24 行.
NOTIC: [2] array_combine() expects parameter 1 to be array, null given E:\WWW\cmf\App\Manager\Controller\AdminUserController.class.php 第 24 行.
SQL: SELECT * FROM `hx_auth_group`  [ RunTime:0.0000s ]
NOTIC: [2] array_column() expects parameter 1 to be array, string given E:\WWW\cmf\App\Manager\Controller\AdminUserController.class.php 第 26 行.
NOTIC: [2] array_column() expects parameter 1 to be array, string given E:\WWW\cmf\App\Manager\Controller\AdminUserController.class.php 第 26 行.
NOTIC: [2] array_combine() expects parameter 1 to be array, null given E:\WWW\cmf\App\Manager\Controller\AdminUserController.class.php 第 26 行.
INFO: [ view_parse ] --START--
INFO: [ template_filter ] --START--
INFO: Run Behavior\ContentReplaceBehavior [ RunTime:0.000000s ]
INFO: [ template_filter ] --END-- [ RunTime:0.000000s ]
NOTIC: [8] Undefined variable: v E:\WWW\cmf\Runtime\Cache\Manager\fcec44f1d1a696f3819821c5b9e70d97.php 第 234 行.
NOTIC: [8] Undefined variable: v E:\WWW\cmf\Runtime\Cache\Manager\fcec44f1d1a696f3819821c5b9e70d97.php 第 235 行.
INFO: Run Behavior\ParseTemplateBehavior [ RunTime:0.008000s ]
INFO: [ view_parse ] --END-- [ RunTime:0.008000s ]
INFO: [ view_filter ] --START--
INFO: Run Behavior\WriteHtmlCacheBehavior [ RunTime:0.000000s ]
INFO: [ view_filter ] --END-- [ RunTime:0.000000s ]
INFO: [ app_end ] --START--
INFO: Run Behavior\ShowPageTraceBehavior [ RunTime:0.001000s ]
INFO: [ app_end ] --END-- [ RunTime:0.001000s ]

[ 2016-11-23T18:29:53+08:00 ] 127.0.0.1 /AdminUser/index
INFO: [ app_init ] --START--
INFO: Run Behavior\BuildLiteBehavior [ RunTime:0.000000s ]
INFO: [ app_init ] --END-- [ RunTime:0.001000s ]
NOTIC: [2] mysqli_get_server_info() expects exactly 1 parameter, 0 given E:\WWW\cmf\App\Manager\Conf\config.php 第 17 行.
INFO: [ app_begin ] --START--
INFO: Run Behavior\ReadHtmlCacheBehavior [ RunTime:0.000000s ]
INFO: [ app_begin ] --END-- [ RunTime:0.000000s ]
SQL: SHOW COLUMNS FROM `hx_admin_user` [ RunTime:0.0070s ]
SQL: SHOW COLUMNS FROM `hx_auth_group` [ RunTime:0.0070s ]
SQL: SHOW COLUMNS FROM `hx_auth_group_access` [ RunTime:0.0060s ]
SQL: SELECT COUNT(*) AS tp_count FROM `hx_admin_user` LIMIT 1   [ RunTime:0.0000s ]
SQL: SELECT * FROM `hx_admin_user` ORDER BY `create_time`,`id` desc LIMIT 0,15   [ RunTime:0.0000s ]
SQL: SELECT * FROM `hx_auth_group_access`  [ RunTime:0.0000s ]
NOTIC: [2] array_column() expects parameter 1 to be array, string given E:\WWW\cmf\App\Manager\Controller\AdminUserController.class.php 第 24 行.
NOTIC: [2] array_column() expects parameter 1 to be array, string given E:\WWW\cmf\App\Manager\Controller\AdminUserController.class.php 第 24 行.
NOTIC: [2] array_combine() expects parameter 1 to be array, null given E:\WWW\cmf\App\Manager\Controller\AdminUserController.class.php 第 24 行.
SQL: SELECT * FROM `hx_auth_group`  [ RunTime:0.0000s ]
NOTIC: [2] array_column() expects parameter 1 to be array, string given E:\WWW\cmf\App\Manager\Controller\AdminUserController.class.php 第 26 行.
NOTIC: [2] array_column() expects parameter 1 to be array, string given E:\WWW\cmf\App\Manager\Controller\AdminUserController.class.php 第 26 行.
NOTIC: [2] array_combine() expects parameter 1 to be array, null given E:\WWW\cmf\App\Manager\Controller\AdminUserController.class.php 第 26 行.
INFO: [ view_parse ] --START--
INFO: [ template_filter ] --START--
INFO: Run Behavior\ContentReplaceBehavior [ RunTime:0.000000s ]
INFO: [ template_filter ] --END-- [ RunTime:0.000000s ]
NOTIC: [8] Undefined index: lock E:\WWW\cmf\Runtime\Cache\Manager\fcec44f1d1a696f3819821c5b9e70d97.php 第 257 行.
NOTIC: [8] Undefined index: lock E:\WWW\cmf\Runtime\Cache\Manager\fcec44f1d1a696f3819821c5b9e70d97.php 第 257 行.
NOTIC: [8] Undefined index: lock E:\WWW\cmf\Runtime\Cache\Manager\fcec44f1d1a696f3819821c5b9e70d97.php 第 257 行.
INFO: Run Behavior\ParseTemplateBehavior [ RunTime:0.011001s ]
INFO: [ view_parse ] --END-- [ RunTime:0.011001s ]
INFO: [ view_filter ] --START--
INFO: Run Behavior\WriteHtmlCacheBehavior [ RunTime:0.000000s ]
INFO: [ view_filter ] --END-- [ RunTime:0.000000s ]
INFO: [ app_end ] --START--
INFO: Run Behavior\ShowPageTraceBehavior [ RunTime:0.001000s ]
INFO: [ app_end ] --END-- [ RunTime:0.001000s ]

[ 2016-11-23T18:30:13+08:00 ] 127.0.0.1 /AdminUser/index
INFO: [ app_init ] --START--
INFO: Run Behavior\BuildLiteBehavior [ RunTime:0.000000s ]
INFO: [ app_init ] --END-- [ RunTime:0.000000s ]
NOTIC: [2] mysqli_get_server_info() expects exactly 1 parameter, 0 given E:\WWW\cmf\App\Manager\Conf\config.php 第 17 行.
INFO: [ app_begin ] --START--
INFO: Run Behavior\ReadHtmlCacheBehavior [ RunTime:0.000000s ]
INFO: [ app_begin ] --END-- [ RunTime:0.000000s ]
SQL: SHOW COLUMNS FROM `hx_admin_user` [ RunTime:0.0060s ]
SQL: SHOW COLUMNS FROM `hx_auth_group` [ RunTime:0.0060s ]
SQL: SHOW COLUMNS FROM `hx_auth_group_access` [ RunTime:0.0060s ]
SQL: SELECT COUNT(*) AS tp_count FROM `hx_admin_user` LIMIT 1   [ RunTime:0.0000s ]
SQL: SELECT * FROM `hx_admin_user` ORDER BY `create_time`,`id` desc LIMIT 0,15   [ RunTime:0.0000s ]
SQL: SELECT * FROM `hx_auth_group_access`  [ RunTime:0.0000s ]
NOTIC: [2] array_column() expects parameter 1 to be array, string given E:\WWW\cmf\App\Manager\Controller\AdminUserController.class.php 第 24 行.
NOTIC: [2] array_column() expects parameter 1 to be array, string given E:\WWW\cmf\App\Manager\Controller\AdminUserController.class.php 第 24 行.
NOTIC: [2] array_combine() expects parameter 1 to be array, null given E:\WWW\cmf\App\Manager\Controller\AdminUserController.class.php 第 24 行.
SQL: SELECT * FROM `hx_auth_group`  [ RunTime:0.0000s ]
NOTIC: [2] array_column() expects parameter 1 to be array, string given E:\WWW\cmf\App\Manager\Controller\AdminUserController.class.php 第 26 行.
NOTIC: [2] array_column() expects parameter 1 to be array, string given E:\WWW\cmf\App\Manager\Controller\AdminUserController.class.php 第 26 行.
NOTIC: [2] array_combine() expects parameter 1 to be array, null given E:\WWW\cmf\App\Manager\Controller\AdminUserController.class.php 第 26 行.
INFO: [ view_parse ] --START--
INFO: [ template_filter ] --START--
INFO: Run Behavior\ContentReplaceBehavior [ RunTime:0.000000s ]
INFO: [ template_filter ] --END-- [ RunTime:0.000000s ]

[ 2016-11-23T18:32:21+08:00 ] 127.0.0.1 /AdminUser/index
INFO: [ app_init ] --START--
INFO: Run Behavior\BuildLiteBehavior [ RunTime:0.000000s ]
INFO: [ app_init ] --END-- [ RunTime:0.000000s ]
NOTIC: [2] mysqli_get_server_info() expects exactly 1 parameter, 0 given E:\WWW\cmf\App\Manager\Conf\config.php 第 17 行.
INFO: [ app_begin ] --START--
INFO: Run Behavior\ReadHtmlCacheBehavior [ RunTime:0.001000s ]
INFO: [ app_begin ] --END-- [ RunTime:0.001000s ]
SQL: SHOW COLUMNS FROM `hx_admin_user` [ RunTime:0.0070s ]
SQL: SHOW COLUMNS FROM `hx_auth_group` [ RunTime:0.0060s ]
SQL: SHOW COLUMNS FROM `hx_auth_group_access` [ RunTime:0.0060s ]
SQL: SELECT COUNT(*) AS tp_count FROM `hx_admin_user` LIMIT 1   [ RunTime:0.0010s ]
SQL: SELECT * FROM `hx_admin_user` ORDER BY `create_time`,`id` desc LIMIT 0,15   [ RunTime:0.0010s ]
SQL: SELECT * FROM `hx_auth_group_access`  [ RunTime:0.0000s ]
NOTIC: [2] array_column() expects parameter 1 to be array, string given E:\WWW\cmf\App\Manager\Controller\AdminUserController.class.php 第 24 行.
NOTIC: [2] array_column() expects parameter 1 to be array, string given E:\WWW\cmf\App\Manager\Controller\AdminUserController.class.php 第 24 行.
NOTIC: [2] array_combine() expects parameter 1 to be array, null given E:\WWW\cmf\App\Manager\Controller\AdminUserController.class.php 第 24 行.
SQL: SELECT * FROM `hx_auth_group`  [ RunTime:0.0000s ]
NOTIC: [2] array_column() expects parameter 1 to be array, string given E:\WWW\cmf\App\Manager\Controller\AdminUserController.class.php 第 26 行.
NOTIC: [2] array_column() expects parameter 1 to be array, string given E:\WWW\cmf\App\Manager\Controller\AdminUserController.class.php 第 26 行.
NOTIC: [2] array_combine() expects parameter 1 to be array, null given E:\WWW\cmf\App\Manager\Controller\AdminUserController.class.php 第 26 行.
INFO: [ view_parse ] --START--
INFO: [ template_filter ] --START--
INFO: Run Behavior\ContentReplaceBehavior [ RunTime:0.000000s ]
INFO: [ template_filter ] --END-- [ RunTime:0.000000s ]
INFO: Run Behavior\ParseTemplateBehavior [ RunTime:0.009000s ]
INFO: [ view_parse ] --END-- [ RunTime:0.009000s ]
INFO: [ view_filter ] --START--
INFO: Run Behavior\WriteHtmlCacheBehavior [ RunTime:0.000000s ]
INFO: [ view_filter ] --END-- [ RunTime:0.000000s ]
INFO: [ app_end ] --START--
INFO: Run Behavior\ShowPageTraceBehavior [ RunTime:0.001001s ]
INFO: [ app_end ] --END-- [ RunTime:0.001001s ]

[ 2016-11-23T18:33:23+08:00 ] 127.0.0.1 /AdminUser/index
INFO: [ app_init ] --START--
INFO: Run Behavior\BuildLiteBehavior [ RunTime:0.000000s ]
INFO: [ app_init ] --END-- [ RunTime:0.000000s ]
NOTIC: [2] mysqli_get_server_info() expects exactly 1 parameter, 0 given E:\WWW\cmf\App\Manager\Conf\config.php 第 17 行.
INFO: [ app_begin ] --START--
INFO: Run Behavior\ReadHtmlCacheBehavior [ RunTime:0.000000s ]
INFO: [ app_begin ] --END-- [ RunTime:0.000000s ]
SQL: SHOW COLUMNS FROM `hx_admin_user` [ RunTime:0.0070s ]
SQL: SHOW COLUMNS FROM `hx_auth_group` [ RunTime:0.0060s ]
SQL: SHOW COLUMNS FROM `hx_auth_group_access` [ RunTime:0.0060s ]
SQL: SELECT COUNT(*) AS tp_count FROM `hx_admin_user` LIMIT 1   [ RunTime:0.0000s ]
SQL: SELECT * FROM `hx_admin_user` ORDER BY `create_time`,`id` desc LIMIT 0,15   [ RunTime:0.0000s ]
SQL: SELECT * FROM `hx_auth_group_access`  [ RunTime:0.0000s ]
NOTIC: [2] array_column() expects parameter 1 to be array, string given E:\WWW\cmf\App\Manager\Controller\AdminUserController.class.php 第 24 行.
NOTIC: [2] array_column() expects parameter 1 to be array, string given E:\WWW\cmf\App\Manager\Controller\AdminUserController.class.php 第 24 行.
NOTIC: [2] array_combine() expects parameter 1 to be array, null given E:\WWW\cmf\App\Manager\Controller\AdminUserController.class.php 第 24 行.
SQL: SELECT * FROM `hx_auth_group`  [ RunTime:0.0000s ]
NOTIC: [2] array_column() expects parameter 1 to be array, string given E:\WWW\cmf\App\Manager\Controller\AdminUserController.class.php 第 26 行.
NOTIC: [2] array_column() expects parameter 1 to be array, string given E:\WWW\cmf\App\Manager\Controller\AdminUserController.class.php 第 26 行.
NOTIC: [2] array_combine() expects parameter 1 to be array, null given E:\WWW\cmf\App\Manager\Controller\AdminUserController.class.php 第 26 行.

[ 2016-11-23T18:34:12+08:00 ] 127.0.0.1 /AdminUser/index
INFO: [ app_init ] --START--
INFO: Run Behavior\BuildLiteBehavior [ RunTime:0.000000s ]
INFO: [ app_init ] --END-- [ RunTime:0.000000s ]
NOTIC: [2] mysqli_get_server_info() expects exactly 1 parameter, 0 given E:\WWW\cmf\App\Manager\Conf\config.php 第 17 行.
INFO: [ app_begin ] --START--
INFO: Run Behavior\ReadHtmlCacheBehavior [ RunTime:0.000000s ]
INFO: [ app_begin ] --END-- [ RunTime:0.000000s ]
SQL: SHOW COLUMNS FROM `hx_admin_user` [ RunTime:0.0060s ]
SQL: SHOW COLUMNS FROM `hx_auth_group` [ RunTime:0.0060s ]
SQL: SHOW COLUMNS FROM `hx_auth_group_access` [ RunTime:0.0060s ]
SQL: SELECT COUNT(*) AS tp_count FROM `hx_admin_user` LIMIT 1   [ RunTime:0.0000s ]
SQL: SELECT * FROM `hx_admin_user` ORDER BY `create_time`,`id` desc LIMIT 0,15   [ RunTime:0.0010s ]
SQL: SELECT * FROM `hx_auth_group_access`  [ RunTime:0.0000s ]
NOTIC: [2] array_column() expects parameter 1 to be array, string given E:\WWW\cmf\App\Manager\Controller\AdminUserController.class.php 第 24 行.
NOTIC: [2] array_column() expects parameter 1 to be array, string given E:\WWW\cmf\App\Manager\Controller\AdminUserController.class.php 第 24 行.
NOTIC: [2] array_combine() expects parameter 1 to be array, null given E:\WWW\cmf\App\Manager\Controller\AdminUserController.class.php 第 24 行.
SQL: SELECT * FROM `hx_auth_group`  [ RunTime:0.0000s ]
NOTIC: [2] array_column() expects parameter 1 to be array, string given E:\WWW\cmf\App\Manager\Controller\AdminUserController.class.php 第 26 行.
NOTIC: [2] array_column() expects parameter 1 to be array, string given E:\WWW\cmf\App\Manager\Controller\AdminUserController.class.php 第 26 行.
NOTIC: [2] array_combine() expects parameter 1 to be array, null given E:\WWW\cmf\App\Manager\Controller\AdminUserController.class.php 第 26 行.

[ 2016-11-23T18:34:48+08:00 ] 127.0.0.1 /AdminUser/index
INFO: [ app_init ] --START--
INFO: Run Behavior\BuildLiteBehavior [ RunTime:0.000000s ]
INFO: [ app_init ] --END-- [ RunTime:0.000000s ]
NOTIC: [2] mysqli_get_server_info() expects exactly 1 parameter, 0 given E:\WWW\cmf\App\Manager\Conf\config.php 第 17 行.
INFO: [ app_begin ] --START--
INFO: Run Behavior\ReadHtmlCacheBehavior [ RunTime:0.001000s ]
INFO: [ app_begin ] --END-- [ RunTime:0.001000s ]
SQL: SHOW COLUMNS FROM `hx_admin_user` [ RunTime:0.0090s ]
SQL: SHOW COLUMNS FROM `hx_auth_group` [ RunTime:0.0080s ]
SQL: SHOW COLUMNS FROM `hx_auth_group_access` [ RunTime:0.0080s ]
SQL: SELECT COUNT(*) AS tp_count FROM `hx_admin_user` LIMIT 1   [ RunTime:0.0010s ]
SQL: SELECT * FROM `hx_admin_user` ORDER BY `create_time`,`id` desc LIMIT 0,15   [ RunTime:0.0010s ]
SQL: SELECT * FROM `hx_auth_group_access`  [ RunTime:0.0000s ]
NOTIC: [2] array_column() expects parameter 1 to be array, string given E:\WWW\cmf\App\Manager\Controller\AdminUserController.class.php 第 24 行.
NOTIC: [2] array_column() expects parameter 1 to be array, string given E:\WWW\cmf\App\Manager\Controller\AdminUserController.class.php 第 24 行.
NOTIC: [2] array_combine() expects parameter 1 to be array, null given E:\WWW\cmf\App\Manager\Controller\AdminUserController.class.php 第 24 行.
SQL: SELECT * FROM `hx_auth_group`  [ RunTime:0.0010s ]
NOTIC: [2] array_column() expects parameter 1 to be array, string given E:\WWW\cmf\App\Manager\Controller\AdminUserController.class.php 第 26 行.
NOTIC: [2] array_column() expects parameter 1 to be array, string given E:\WWW\cmf\App\Manager\Controller\AdminUserController.class.php 第 26 行.
NOTIC: [2] array_combine() expects parameter 1 to be array, null given E:\WWW\cmf\App\Manager\Controller\AdminUserController.class.php 第 26 行.

[ 2016-11-23T18:35:01+08:00 ] 127.0.0.1 /AdminUser/index
INFO: [ app_init ] --START--
INFO: Run Behavior\BuildLiteBehavior [ RunTime:0.000000s ]
INFO: [ app_init ] --END-- [ RunTime:0.000000s ]
NOTIC: [2] mysqli_get_server_info() expects exactly 1 parameter, 0 given E:\WWW\cmf\App\Manager\Conf\config.php 第 17 行.
INFO: [ app_begin ] --START--
INFO: Run Behavior\ReadHtmlCacheBehavior [ RunTime:0.000000s ]
INFO: [ app_begin ] --END-- [ RunTime:0.000000s ]
SQL: SHOW COLUMNS FROM `hx_admin_user` [ RunTime:0.0060s ]
SQL: SHOW COLUMNS FROM `hx_auth_group` [ RunTime:0.0060s ]
SQL: SHOW COLUMNS FROM `hx_auth_group_access` [ RunTime:0.0070s ]
SQL: SELECT COUNT(*) AS tp_count FROM `hx_admin_user` LIMIT 1   [ RunTime:0.0010s ]
SQL: SELECT * FROM `hx_admin_user` ORDER BY `create_time`,`id` desc LIMIT 0,15   [ RunTime:0.0010s ]
SQL: SELECT * FROM `hx_auth_group_access`  [ RunTime:0.0000s ]
NOTIC: [2] array_column() expects parameter 1 to be array, string given E:\WWW\cmf\App\Manager\Controller\AdminUserController.class.php 第 24 行.
NOTIC: [2] array_column() expects parameter 1 to be array, string given E:\WWW\cmf\App\Manager\Controller\AdminUserController.class.php 第 24 行.
NOTIC: [2] array_combine() expects parameter 1 to be array, null given E:\WWW\cmf\App\Manager\Controller\AdminUserController.class.php 第 24 行.
SQL: SELECT * FROM `hx_auth_group`  [ RunTime:0.0000s ]
NOTIC: [2] array_column() expects parameter 1 to be array, string given E:\WWW\cmf\App\Manager\Controller\AdminUserController.class.php 第 26 行.
NOTIC: [2] array_column() expects parameter 1 to be array, string given E:\WWW\cmf\App\Manager\Controller\AdminUserController.class.php 第 26 行.
NOTIC: [2] array_combine() expects parameter 1 to be array, null given E:\WWW\cmf\App\Manager\Controller\AdminUserController.class.php 第 26 行.

[ 2016-11-23T18:35:21+08:00 ] 127.0.0.1 /AdminUser/index
INFO: [ app_init ] --START--
INFO: Run Behavior\BuildLiteBehavior [ RunTime:0.000000s ]
INFO: [ app_init ] --END-- [ RunTime:0.001000s ]
NOTIC: [2] mysqli_get_server_info() expects exactly 1 parameter, 0 given E:\WWW\cmf\App\Manager\Conf\config.php 第 17 行.
INFO: [ app_begin ] --START--
INFO: Run Behavior\ReadHtmlCacheBehavior [ RunTime:0.001000s ]
INFO: [ app_begin ] --END-- [ RunTime:0.001000s ]
SQL: SHOW COLUMNS FROM `hx_admin_user` [ RunTime:0.0070s ]
SQL: SHOW COLUMNS FROM `hx_auth_group` [ RunTime:0.0070s ]
SQL: SHOW COLUMNS FROM `hx_auth_group_access` [ RunTime:0.0060s ]
SQL: SELECT COUNT(*) AS tp_count FROM `hx_admin_user` LIMIT 1   [ RunTime:0.0000s ]
SQL: SELECT * FROM `hx_admin_user` ORDER BY `create_time`,`id` desc LIMIT 0,15   [ RunTime:0.0000s ]
SQL: SELECT * FROM `hx_auth_group_access`  [ RunTime:0.0000s ]
NOTIC: [2] array_column() expects parameter 1 to be array, string given E:\WWW\cmf\App\Manager\Controller\AdminUserController.class.php 第 24 行.
NOTIC: [2] array_column() expects parameter 1 to be array, string given E:\WWW\cmf\App\Manager\Controller\AdminUserController.class.php 第 24 行.
NOTIC: [2] array_combine() expects parameter 1 to be array, null given E:\WWW\cmf\App\Manager\Controller\AdminUserController.class.php 第 24 行.
SQL: SELECT * FROM `hx_auth_group`  [ RunTime:0.0000s ]
NOTIC: [2] array_column() expects parameter 1 to be array, string given E:\WWW\cmf\App\Manager\Controller\AdminUserController.class.php 第 26 行.
NOTIC: [2] array_column() expects parameter 1 to be array, string given E:\WWW\cmf\App\Manager\Controller\AdminUserController.class.php 第 26 行.
NOTIC: [2] array_combine() expects parameter 1 to be array, null given E:\WWW\cmf\App\Manager\Controller\AdminUserController.class.php 第 26 行.
NOTIC: [2] array_column() expects parameter 1 to be array, string given E:\WWW\cmf\App\Manager\Controller\AdminUserController.class.php 第 27 行.

[ 2016-11-23T18:35:22+08:00 ] 127.0.0.1 /AdminUser/index
INFO: [ app_init ] --START--
INFO: Run Behavior\BuildLiteBehavior [ RunTime:0.000000s ]
INFO: [ app_init ] --END-- [ RunTime:0.000000s ]
NOTIC: [2] mysqli_get_server_info() expects exactly 1 parameter, 0 given E:\WWW\cmf\App\Manager\Conf\config.php 第 17 行.
INFO: [ app_begin ] --START--
INFO: Run Behavior\ReadHtmlCacheBehavior [ RunTime:0.000000s ]
INFO: [ app_begin ] --END-- [ RunTime:0.000000s ]
SQL: SHOW COLUMNS FROM `hx_admin_user` [ RunTime:0.0060s ]
SQL: SHOW COLUMNS FROM `hx_auth_group` [ RunTime:0.0050s ]
SQL: SHOW COLUMNS FROM `hx_auth_group_access` [ RunTime:0.0060s ]
SQL: SELECT COUNT(*) AS tp_count FROM `hx_admin_user` LIMIT 1   [ RunTime:0.0000s ]
SQL: SELECT * FROM `hx_admin_user` ORDER BY `create_time`,`id` desc LIMIT 0,15   [ RunTime:0.0000s ]
SQL: SELECT * FROM `hx_auth_group_access`  [ RunTime:0.0000s ]
NOTIC: [2] array_column() expects parameter 1 to be array, string given E:\WWW\cmf\App\Manager\Controller\AdminUserController.class.php 第 24 行.
NOTIC: [2] array_column() expects parameter 1 to be array, string given E:\WWW\cmf\App\Manager\Controller\AdminUserController.class.php 第 24 行.
NOTIC: [2] array_combine() expects parameter 1 to be array, null given E:\WWW\cmf\App\Manager\Controller\AdminUserController.class.php 第 24 行.
SQL: SELECT * FROM `hx_auth_group`  [ RunTime:0.0010s ]
NOTIC: [2] array_column() expects parameter 1 to be array, string given E:\WWW\cmf\App\Manager\Controller\AdminUserController.class.php 第 26 行.
NOTIC: [2] array_column() expects parameter 1 to be array, string given E:\WWW\cmf\App\Manager\Controller\AdminUserController.class.php 第 26 行.
NOTIC: [2] array_combine() expects parameter 1 to be array, null given E:\WWW\cmf\App\Manager\Controller\AdminUserController.class.php 第 26 行.
NOTIC: [2] array_column() expects parameter 1 to be array, string given E:\WWW\cmf\App\Manager\Controller\AdminUserController.class.php 第 27 行.

[ 2016-11-23T18:35:22+08:00 ] 127.0.0.1 /AdminUser/index
INFO: [ app_init ] --START--
INFO: Run Behavior\BuildLiteBehavior [ RunTime:0.000000s ]
INFO: [ app_init ] --END-- [ RunTime:0.000000s ]
NOTIC: [2] mysqli_get_server_info() expects exactly 1 parameter, 0 given E:\WWW\cmf\App\Manager\Conf\config.php 第 17 行.
INFO: [ app_begin ] --START--
INFO: Run Behavior\ReadHtmlCacheBehavior [ RunTime:0.000000s ]
INFO: [ app_begin ] --END-- [ RunTime:0.000000s ]
SQL: SHOW COLUMNS FROM `hx_admin_user` [ RunTime:0.0070s ]
SQL: SHOW COLUMNS FROM `hx_auth_group` [ RunTime:0.0070s ]
SQL: SHOW COLUMNS FROM `hx_auth_group_access` [ RunTime:0.0060s ]
SQL: SELECT COUNT(*) AS tp_count FROM `hx_admin_user` LIMIT 1   [ RunTime:0.0000s ]
SQL: SELECT * FROM `hx_admin_user` ORDER BY `create_time`,`id` desc LIMIT 0,15   [ RunTime:0.0000s ]
SQL: SELECT * FROM `hx_auth_group_access`  [ RunTime:0.0000s ]
NOTIC: [2] array_column() expects parameter 1 to be array, string given E:\WWW\cmf\App\Manager\Controller\AdminUserController.class.php 第 24 行.
NOTIC: [2] array_column() expects parameter 1 to be array, string given E:\WWW\cmf\App\Manager\Controller\AdminUserController.class.php 第 24 行.
NOTIC: [2] array_combine() expects parameter 1 to be array, null given E:\WWW\cmf\App\Manager\Controller\AdminUserController.class.php 第 24 行.
SQL: SELECT * FROM `hx_auth_group`  [ RunTime:0.0000s ]
NOTIC: [2] array_column() expects parameter 1 to be array, string given E:\WWW\cmf\App\Manager\Controller\AdminUserController.class.php 第 26 行.
NOTIC: [2] array_column() expects parameter 1 to be array, string given E:\WWW\cmf\App\Manager\Controller\AdminUserController.class.php 第 26 行.
NOTIC: [2] array_combine() expects parameter 1 to be array, null given E:\WWW\cmf\App\Manager\Controller\AdminUserController.class.php 第 26 行.
NOTIC: [2] array_column() expects parameter 1 to be array, string given E:\WWW\cmf\App\Manager\Controller\AdminUserController.class.php 第 27 行.

[ 2016-11-23T18:36:43+08:00 ] 127.0.0.1 /AdminUser/index
INFO: [ app_init ] --START--
INFO: Run Behavior\BuildLiteBehavior [ RunTime:0.000000s ]
INFO: [ app_init ] --END-- [ RunTime:0.001000s ]
NOTIC: [2] mysqli_get_server_info() expects exactly 1 parameter, 0 given E:\WWW\cmf\App\Manager\Conf\config.php 第 17 行.
INFO: [ app_begin ] --START--
INFO: Run Behavior\ReadHtmlCacheBehavior [ RunTime:0.001000s ]
INFO: [ app_begin ] --END-- [ RunTime:0.001000s ]
SQL: SHOW COLUMNS FROM `hx_admin_user` [ RunTime:0.0080s ]
SQL: SHOW COLUMNS FROM `hx_auth_group` [ RunTime:0.0080s ]
SQL: SHOW COLUMNS FROM `hx_auth_group_access` [ RunTime:0.0080s ]
SQL: SELECT COUNT(*) AS tp_count FROM `hx_admin_user` LIMIT 1   [ RunTime:0.0000s ]
SQL: SELECT * FROM `hx_admin_user` ORDER BY `create_time`,`id` desc LIMIT 0,15   [ RunTime:0.0000s ]
SQL: SELECT * FROM `hx_auth_group_access`  [ RunTime:0.0000s ]
SQL: SELECT * FROM `hx_auth_group`  [ RunTime:0.0000s ]
NOTIC: [2] array_column() expects parameter 1 to be array, string given E:\WWW\cmf\App\Manager\Controller\AdminUserController.class.php 第 27 行.

[ 2016-11-23T18:36:44+08:00 ] 127.0.0.1 /AdminUser/index
INFO: [ app_init ] --START--
INFO: Run Behavior\BuildLiteBehavior [ RunTime:0.000000s ]
INFO: [ app_init ] --END-- [ RunTime:0.001000s ]
NOTIC: [2] mysqli_get_server_info() expects exactly 1 parameter, 0 given E:\WWW\cmf\App\Manager\Conf\config.php 第 17 行.
INFO: [ app_begin ] --START--
INFO: Run Behavior\ReadHtmlCacheBehavior [ RunTime:0.001000s ]
INFO: [ app_begin ] --END-- [ RunTime:0.001000s ]
SQL: SHOW COLUMNS FROM `hx_admin_user` [ RunTime:0.0070s ]
SQL: SHOW COLUMNS FROM `hx_auth_group` [ RunTime:0.0070s ]
SQL: SHOW COLUMNS FROM `hx_auth_group_access` [ RunTime:0.0060s ]
SQL: SELECT COUNT(*) AS tp_count FROM `hx_admin_user` LIMIT 1   [ RunTime:0.0000s ]
SQL: SELECT * FROM `hx_admin_user` ORDER BY `create_time`,`id` desc LIMIT 0,15   [ RunTime:0.0010s ]
SQL: SELECT * FROM `hx_auth_group_access`  [ RunTime:0.0000s ]
SQL: SELECT * FROM `hx_auth_group`  [ RunTime:0.0000s ]
NOTIC: [2] array_column() expects parameter 1 to be array, string given E:\WWW\cmf\App\Manager\Controller\AdminUserController.class.php 第 27 行.

[ 2016-11-23T18:36:45+08:00 ] 127.0.0.1 /AdminUser/index
INFO: [ app_init ] --START--
INFO: Run Behavior\BuildLiteBehavior [ RunTime:0.000000s ]
INFO: [ app_init ] --END-- [ RunTime:0.001000s ]
NOTIC: [2] mysqli_get_server_info() expects exactly 1 parameter, 0 given E:\WWW\cmf\App\Manager\Conf\config.php 第 17 行.
INFO: [ app_begin ] --START--
INFO: Run Behavior\ReadHtmlCacheBehavior [ RunTime:0.000000s ]
INFO: [ app_begin ] --END-- [ RunTime:0.001000s ]
SQL: SHOW COLUMNS FROM `hx_admin_user` [ RunTime:0.0060s ]
SQL: SHOW COLUMNS FROM `hx_auth_group` [ RunTime:0.0060s ]
SQL: SHOW COLUMNS FROM `hx_auth_group_access` [ RunTime:0.0060s ]
SQL: SELECT COUNT(*) AS tp_count FROM `hx_admin_user` LIMIT 1   [ RunTime:0.0000s ]
SQL: SELECT * FROM `hx_admin_user` ORDER BY `create_time`,`id` desc LIMIT 0,15   [ RunTime:0.0000s ]
SQL: SELECT * FROM `hx_auth_group_access`  [ RunTime:0.0000s ]
SQL: SELECT * FROM `hx_auth_group`  [ RunTime:0.0000s ]
NOTIC: [2] array_column() expects parameter 1 to be array, string given E:\WWW\cmf\App\Manager\Controller\AdminUserController.class.php 第 27 行.

[ 2016-11-23T18:36:45+08:00 ] 127.0.0.1 /AdminUser/index
INFO: [ app_init ] --START--
INFO: Run Behavior\BuildLiteBehavior [ RunTime:0.000000s ]
INFO: [ app_init ] --END-- [ RunTime:0.001000s ]
NOTIC: [2] mysqli_get_server_info() expects exactly 1 parameter, 0 given E:\WWW\cmf\App\Manager\Conf\config.php 第 17 行.
INFO: [ app_begin ] --START--
INFO: Run Behavior\ReadHtmlCacheBehavior [ RunTime:0.001000s ]
INFO: [ app_begin ] --END-- [ RunTime:0.001000s ]
SQL: SHOW COLUMNS FROM `hx_admin_user` [ RunTime:0.0060s ]
SQL: SHOW COLUMNS FROM `hx_auth_group` [ RunTime:0.0060s ]
SQL: SHOW COLUMNS FROM `hx_auth_group_access` [ RunTime:0.0060s ]
SQL: SELECT COUNT(*) AS tp_count FROM `hx_admin_user` LIMIT 1   [ RunTime:0.0000s ]
SQL: SELECT * FROM `hx_admin_user` ORDER BY `create_time`,`id` desc LIMIT 0,15   [ RunTime:0.0000s ]
SQL: SELECT * FROM `hx_auth_group_access`  [ RunTime:0.0000s ]
SQL: SELECT * FROM `hx_auth_group`  [ RunTime:0.0000s ]
NOTIC: [2] array_column() expects parameter 1 to be array, string given E:\WWW\cmf\App\Manager\Controller\AdminUserController.class.php 第 27 行.

[ 2016-11-23T18:36:45+08:00 ] 127.0.0.1 /AdminUser/index
INFO: [ app_init ] --START--
INFO: Run Behavior\BuildLiteBehavior [ RunTime:0.000000s ]
INFO: [ app_init ] --END-- [ RunTime:0.001000s ]
NOTIC: [2] mysqli_get_server_info() expects exactly 1 parameter, 0 given E:\WWW\cmf\App\Manager\Conf\config.php 第 17 行.
INFO: [ app_begin ] --START--
INFO: Run Behavior\ReadHtmlCacheBehavior [ RunTime:0.001000s ]
INFO: [ app_begin ] --END-- [ RunTime:0.001000s ]
SQL: SHOW COLUMNS FROM `hx_admin_user` [ RunTime:0.0060s ]
SQL: SHOW COLUMNS FROM `hx_auth_group` [ RunTime:0.0060s ]
SQL: SHOW COLUMNS FROM `hx_auth_group_access` [ RunTime:0.0060s ]
SQL: SELECT COUNT(*) AS tp_count FROM `hx_admin_user` LIMIT 1   [ RunTime:0.0000s ]
SQL: SELECT * FROM `hx_admin_user` ORDER BY `create_time`,`id` desc LIMIT 0,15   [ RunTime:0.0010s ]
SQL: SELECT * FROM `hx_auth_group_access`  [ RunTime:0.0000s ]
SQL: SELECT * FROM `hx_auth_group`  [ RunTime:0.0000s ]
NOTIC: [2] array_column() expects parameter 1 to be array, string given E:\WWW\cmf\App\Manager\Controller\AdminUserController.class.php 第 27 行.

[ 2016-11-23T18:36:46+08:00 ] 127.0.0.1 /AdminUser/index
INFO: [ app_init ] --START--
INFO: Run Behavior\BuildLiteBehavior [ RunTime:0.000000s ]
INFO: [ app_init ] --END-- [ RunTime:0.000000s ]
NOTIC: [2] mysqli_get_server_info() expects exactly 1 parameter, 0 given E:\WWW\cmf\App\Manager\Conf\config.php 第 17 行.
INFO: [ app_begin ] --START--
INFO: Run Behavior\ReadHtmlCacheBehavior [ RunTime:0.000000s ]
INFO: [ app_begin ] --END-- [ RunTime:0.000000s ]
SQL: SHOW COLUMNS FROM `hx_admin_user` [ RunTime:0.0070s ]
SQL: SHOW COLUMNS FROM `hx_auth_group` [ RunTime:0.0050s ]
SQL: SHOW COLUMNS FROM `hx_auth_group_access` [ RunTime:0.0050s ]
SQL: SELECT COUNT(*) AS tp_count FROM `hx_admin_user` LIMIT 1   [ RunTime:0.0000s ]
SQL: SELECT * FROM `hx_admin_user` ORDER BY `create_time`,`id` desc LIMIT 0,15   [ RunTime:0.0010s ]
SQL: SELECT * FROM `hx_auth_group_access`  [ RunTime:0.0000s ]
SQL: SELECT * FROM `hx_auth_group`  [ RunTime:0.0000s ]
NOTIC: [2] array_column() expects parameter 1 to be array, string given E:\WWW\cmf\App\Manager\Controller\AdminUserController.class.php 第 27 行.

[ 2016-11-23T18:36:47+08:00 ] 127.0.0.1 /AdminUser/index
INFO: [ app_init ] --START--
INFO: Run Behavior\BuildLiteBehavior [ RunTime:0.000000s ]
INFO: [ app_init ] --END-- [ RunTime:0.001000s ]
NOTIC: [2] mysqli_get_server_info() expects exactly 1 parameter, 0 given E:\WWW\cmf\App\Manager\Conf\config.php 第 17 行.
INFO: [ app_begin ] --START--
INFO: Run Behavior\ReadHtmlCacheBehavior [ RunTime:0.001000s ]
INFO: [ app_begin ] --END-- [ RunTime:0.001000s ]
SQL: SHOW COLUMNS FROM `hx_admin_user` [ RunTime:0.0070s ]
SQL: SHOW COLUMNS FROM `hx_auth_group` [ RunTime:0.0070s ]
SQL: SHOW COLUMNS FROM `hx_auth_group_access` [ RunTime:0.0060s ]
SQL: SELECT COUNT(*) AS tp_count FROM `hx_admin_user` LIMIT 1   [ RunTime:0.0000s ]
SQL: SELECT * FROM `hx_admin_user` ORDER BY `create_time`,`id` desc LIMIT 0,15   [ RunTime:0.0010s ]
SQL: SELECT * FROM `hx_auth_group_access`  [ RunTime:0.0000s ]
SQL: SELECT * FROM `hx_auth_group`  [ RunTime:0.0000s ]
NOTIC: [2] array_column() expects parameter 1 to be array, string given E:\WWW\cmf\App\Manager\Controller\AdminUserController.class.php 第 27 行.

[ 2016-11-23T18:36:47+08:00 ] 127.0.0.1 /AdminUser/index
INFO: [ app_init ] --START--
INFO: Run Behavior\BuildLiteBehavior [ RunTime:0.000000s ]
INFO: [ app_init ] --END-- [ RunTime:0.001000s ]
NOTIC: [2] mysqli_get_server_info() expects exactly 1 parameter, 0 given E:\WWW\cmf\App\Manager\Conf\config.php 第 17 行.
INFO: [ app_begin ] --START--
INFO: Run Behavior\ReadHtmlCacheBehavior [ RunTime:0.000000s ]
INFO: [ app_begin ] --END-- [ RunTime:0.000000s ]
SQL: SHOW COLUMNS FROM `hx_admin_user` [ RunTime:0.0060s ]
SQL: SHOW COLUMNS FROM `hx_auth_group` [ RunTime:0.0060s ]
SQL: SHOW COLUMNS FROM `hx_auth_group_access` [ RunTime:0.0070s ]
SQL: SELECT COUNT(*) AS tp_count FROM `hx_admin_user` LIMIT 1   [ RunTime:0.0000s ]
SQL: SELECT * FROM `hx_admin_user` ORDER BY `create_time`,`id` desc LIMIT 0,15   [ RunTime:0.0000s ]
SQL: SELECT * FROM `hx_auth_group_access`  [ RunTime:0.0000s ]
SQL: SELECT * FROM `hx_auth_group`  [ RunTime:0.0000s ]
NOTIC: [2] array_column() expects parameter 1 to be array, string given E:\WWW\cmf\App\Manager\Controller\AdminUserController.class.php 第 27 行.

[ 2016-11-23T18:36:48+08:00 ] 127.0.0.1 /AdminUser/index
INFO: [ app_init ] --START--
INFO: Run Behavior\BuildLiteBehavior [ RunTime:0.000000s ]
INFO: [ app_init ] --END-- [ RunTime:0.000000s ]
NOTIC: [2] mysqli_get_server_info() expects exactly 1 parameter, 0 given E:\WWW\cmf\App\Manager\Conf\config.php 第 17 行.
INFO: [ app_begin ] --START--
INFO: Run Behavior\ReadHtmlCacheBehavior [ RunTime:0.001000s ]
INFO: [ app_begin ] --END-- [ RunTime:0.001000s ]
SQL: SHOW COLUMNS FROM `hx_admin_user` [ RunTime:0.0070s ]
SQL: SHOW COLUMNS FROM `hx_auth_group` [ RunTime:0.0080s ]
SQL: SHOW COLUMNS FROM `hx_auth_group_access` [ RunTime:0.0050s ]
SQL: SELECT COUNT(*) AS tp_count FROM `hx_admin_user` LIMIT 1   [ RunTime:0.0000s ]
SQL: SELECT * FROM `hx_admin_user` ORDER BY `create_time`,`id` desc LIMIT 0,15   [ RunTime:0.0010s ]
SQL: SELECT * FROM `hx_auth_group_access`  [ RunTime:0.0000s ]
SQL: SELECT * FROM `hx_auth_group`  [ RunTime:0.0000s ]
NOTIC: [2] array_column() expects parameter 1 to be array, string given E:\WWW\cmf\App\Manager\Controller\AdminUserController.class.php 第 27 行.

[ 2016-11-23T18:36:48+08:00 ] 127.0.0.1 /AdminUser/index
INFO: [ app_init ] --START--
INFO: Run Behavior\BuildLiteBehavior [ RunTime:0.000000s ]
INFO: [ app_init ] --END-- [ RunTime:0.000000s ]
NOTIC: [2] mysqli_get_server_info() expects exactly 1 parameter, 0 given E:\WWW\cmf\App\Manager\Conf\config.php 第 17 行.
INFO: [ app_begin ] --START--
INFO: Run Behavior\ReadHtmlCacheBehavior [ RunTime:0.000000s ]
INFO: [ app_begin ] --END-- [ RunTime:0.000000s ]
SQL: SHOW COLUMNS FROM `hx_admin_user` [ RunTime:0.0070s ]
SQL: SHOW COLUMNS FROM `hx_auth_group` [ RunTime:0.0060s ]
SQL: SHOW COLUMNS FROM `hx_auth_group_access` [ RunTime:0.0080s ]
SQL: SELECT COUNT(*) AS tp_count FROM `hx_admin_user` LIMIT 1   [ RunTime:0.0000s ]
SQL: SELECT * FROM `hx_admin_user` ORDER BY `create_time`,`id` desc LIMIT 0,15   [ RunTime:0.0000s ]
SQL: SELECT * FROM `hx_auth_group_access`  [ RunTime:0.0010s ]
SQL: SELECT * FROM `hx_auth_group`  [ RunTime:0.0000s ]
NOTIC: [2] array_column() expects parameter 1 to be array, string given E:\WWW\cmf\App\Manager\Controller\AdminUserController.class.php 第 27 行.

[ 2016-11-23T18:37:02+08:00 ] 127.0.0.1 /AdminUser/index
INFO: [ app_init ] --START--
INFO: Run Behavior\BuildLiteBehavior [ RunTime:0.000000s ]
INFO: [ app_init ] --END-- [ RunTime:0.000000s ]
NOTIC: [2] mysqli_get_server_info() expects exactly 1 parameter, 0 given E:\WWW\cmf\App\Manager\Conf\config.php 第 17 行.
INFO: [ app_begin ] --START--
INFO: Run Behavior\ReadHtmlCacheBehavior [ RunTime:0.000000s ]
INFO: [ app_begin ] --END-- [ RunTime:0.001000s ]
SQL: SHOW COLUMNS FROM `hx_admin_user` [ RunTime:0.0060s ]
SQL: SHOW COLUMNS FROM `hx_auth_group` [ RunTime:0.0060s ]
SQL: SHOW COLUMNS FROM `hx_auth_group_access` [ RunTime:0.0060s ]
SQL: SELECT COUNT(*) AS tp_count FROM `hx_admin_user` LIMIT 1   [ RunTime:0.0010s ]
SQL: SELECT * FROM `hx_admin_user` ORDER BY `create_time`,`id` desc LIMIT 0,15   [ RunTime:0.0000s ]
SQL: SELECT * FROM `hx_auth_group_access`  [ RunTime:0.0010s ]
SQL: SELECT * FROM `hx_auth_group`  [ RunTime:0.0000s ]

[ 2016-11-23T18:37:14+08:00 ] 127.0.0.1 /AdminUser/index
INFO: [ app_init ] --START--
INFO: Run Behavior\BuildLiteBehavior [ RunTime:0.000000s ]
INFO: [ app_init ] --END-- [ RunTime:0.001001s ]
NOTIC: [2] mysqli_get_server_info() expects exactly 1 parameter, 0 given E:\WWW\cmf\App\Manager\Conf\config.php 第 17 行.
INFO: [ app_begin ] --START--
INFO: Run Behavior\ReadHtmlCacheBehavior [ RunTime:0.001000s ]
INFO: [ app_begin ] --END-- [ RunTime:0.001000s ]
SQL: SHOW COLUMNS FROM `hx_admin_user` [ RunTime:0.0060s ]
SQL: SHOW COLUMNS FROM `hx_auth_group` [ RunTime:0.0060s ]
SQL: SHOW COLUMNS FROM `hx_auth_group_access` [ RunTime:0.0060s ]
SQL: SELECT COUNT(*) AS tp_count FROM `hx_admin_user` LIMIT 1   [ RunTime:0.0000s ]
SQL: SELECT * FROM `hx_admin_user` ORDER BY `create_time`,`id` desc LIMIT 0,15   [ RunTime:0.0000s ]
SQL: SELECT * FROM `hx_auth_group_access`  [ RunTime:0.0000s ]
SQL: SELECT * FROM `hx_auth_group`  [ RunTime:0.0000s ]

[ 2016-11-23T18:37:24+08:00 ] 127.0.0.1 /AdminUser/index
INFO: [ app_init ] --START--
INFO: Run Behavior\BuildLiteBehavior [ RunTime:0.000000s ]
INFO: [ app_init ] --END-- [ RunTime:0.000000s ]
NOTIC: [2] mysqli_get_server_info() expects exactly 1 parameter, 0 given E:\WWW\cmf\App\Manager\Conf\config.php 第 17 行.
INFO: [ app_begin ] --START--
INFO: Run Behavior\ReadHtmlCacheBehavior [ RunTime:0.000000s ]
INFO: [ app_begin ] --END-- [ RunTime:0.000000s ]
SQL: SHOW COLUMNS FROM `hx_admin_user` [ RunTime:0.0060s ]
SQL: SHOW COLUMNS FROM `hx_auth_group` [ RunTime:0.0060s ]
SQL: SHOW COLUMNS FROM `hx_auth_group_access` [ RunTime:0.0060s ]
SQL: SELECT COUNT(*) AS tp_count FROM `hx_admin_user` LIMIT 1   [ RunTime:0.0000s ]
SQL: SELECT * FROM `hx_admin_user` ORDER BY `create_time`,`id` desc LIMIT 0,15   [ RunTime:0.0000s ]
SQL: SELECT * FROM `hx_auth_group_access`  [ RunTime:0.0000s ]
SQL: SELECT * FROM `hx_auth_group`  [ RunTime:0.0000s ]

[ 2016-11-23T18:37:33+08:00 ] 127.0.0.1 /AdminUser/index
INFO: [ app_init ] --START--
INFO: Run Behavior\BuildLiteBehavior [ RunTime:0.000000s ]
INFO: [ app_init ] --END-- [ RunTime:0.001000s ]
NOTIC: [2] mysqli_get_server_info() expects exactly 1 parameter, 0 given E:\WWW\cmf\App\Manager\Conf\config.php 第 17 行.
INFO: [ app_begin ] --START--
INFO: Run Behavior\ReadHtmlCacheBehavior [ RunTime:0.000000s ]
INFO: [ app_begin ] --END-- [ RunTime:0.000000s ]
SQL: SHOW COLUMNS FROM `hx_admin_user` [ RunTime:0.0070s ]
SQL: SHOW COLUMNS FROM `hx_auth_group` [ RunTime:0.0070s ]
SQL: SHOW COLUMNS FROM `hx_auth_group_access` [ RunTime:0.0060s ]
SQL: SELECT COUNT(*) AS tp_count FROM `hx_admin_user` LIMIT 1   [ RunTime:0.0000s ]
SQL: SELECT * FROM `hx_admin_user` ORDER BY `create_time`,`id` desc LIMIT 0,15   [ RunTime:0.0000s ]
SQL: SELECT * FROM `hx_auth_group_access`  [ RunTime:0.0000s ]
SQL: SELECT * FROM `hx_auth_group`  [ RunTime:0.0000s ]
INFO: [ view_parse ] --START--
INFO: [ template_filter ] --START--
INFO: Run Behavior\ContentReplaceBehavior [ RunTime:0.000000s ]
INFO: [ template_filter ] --END-- [ RunTime:0.000000s ]
INFO: Run Behavior\ParseTemplateBehavior [ RunTime:0.009001s ]
INFO: [ view_parse ] --END-- [ RunTime:0.009001s ]
INFO: [ view_filter ] --START--
INFO: Run Behavior\WriteHtmlCacheBehavior [ RunTime:0.000000s ]
INFO: [ view_filter ] --END-- [ RunTime:0.000000s ]
INFO: [ app_end ] --START--
INFO: Run Behavior\ShowPageTraceBehavior [ RunTime:0.000000s ]
INFO: [ app_end ] --END-- [ RunTime:0.000000s ]

[ 2016-11-23T18:49:39+08:00 ] 127.0.0.1 /AdminUser/index
INFO: [ app_init ] --START--
INFO: Run Behavior\BuildLiteBehavior [ RunTime:0.000000s ]
INFO: [ app_init ] --END-- [ RunTime:0.000000s ]
NOTIC: [2] mysqli_get_server_info() expects exactly 1 parameter, 0 given E:\WWW\cmf\App\Manager\Conf\config.php 第 17 行.
INFO: [ app_begin ] --START--
INFO: Run Behavior\ReadHtmlCacheBehavior [ RunTime:0.000000s ]
INFO: [ app_begin ] --END-- [ RunTime:0.000000s ]
SQL: SHOW COLUMNS FROM `hx_admin_user` [ RunTime:0.0050s ]
SQL: SHOW COLUMNS FROM `hx_auth_group` [ RunTime:0.0060s ]
SQL: SHOW COLUMNS FROM `hx_auth_group_access` [ RunTime:0.0050s ]
SQL: SELECT COUNT(*) AS tp_count FROM `hx_admin_user` LIMIT 1   [ RunTime:0.0000s ]
SQL: SELECT * FROM `hx_admin_user` ORDER BY `create_time`,`id` desc LIMIT 0,15   [ RunTime:0.0010s ]
SQL: SELECT * FROM `hx_auth_group_access`  [ RunTime:0.0000s ]
SQL: SELECT * FROM `hx_auth_group`  [ RunTime:0.0000s ]
INFO: [ view_parse ] --START--
INFO: [ template_filter ] --START--
INFO: Run Behavior\ContentReplaceBehavior [ RunTime:0.000000s ]
INFO: [ template_filter ] --END-- [ RunTime:0.000000s ]
INFO: Run Behavior\ParseTemplateBehavior [ RunTime:0.009000s ]
INFO: [ view_parse ] --END-- [ RunTime:0.009000s ]
INFO: [ view_filter ] --START--
INFO: Run Behavior\WriteHtmlCacheBehavior [ RunTime:0.000000s ]
INFO: [ view_filter ] --END-- [ RunTime:0.000000s ]
INFO: [ app_end ] --START--
INFO: Run Behavior\ShowPageTraceBehavior [ RunTime:0.001000s ]
INFO: [ app_end ] --END-- [ RunTime:0.001000s ]

[ 2016-11-23T18:49:40+08:00 ] 127.0.0.1 /AdminUser/add.html
INFO: [ app_init ] --START--
INFO: Run Behavior\BuildLiteBehavior [ RunTime:0.000000s ]
INFO: [ app_init ] --END-- [ RunTime:0.000000s ]
NOTIC: [2] mysqli_get_server_info() expects exactly 1 parameter, 0 given E:\WWW\cmf\App\Manager\Conf\config.php 第 17 行.
INFO: [ app_begin ] --START--
INFO: Run Behavior\ReadHtmlCacheBehavior [ RunTime:0.000000s ]
INFO: [ app_begin ] --END-- [ RunTime:0.000000s ]
SQL: SHOW COLUMNS FROM `hx_admin_user` [ RunTime:0.0060s ]
SQL: SHOW COLUMNS FROM `hx_auth_group` [ RunTime:0.0080s ]
SQL: SHOW COLUMNS FROM `hx_auth_group_access` [ RunTime:0.0060s ]
SQL: SELECT * FROM `hx_auth_group` WHERE `status` = 1  [ RunTime:0.0000s ]
INFO: [ view_parse ] --START--
INFO: [ template_filter ] --START--
INFO: Run Behavior\ContentReplaceBehavior [ RunTime:0.000000s ]
INFO: [ template_filter ] --END-- [ RunTime:0.000000s ]
NOTIC: [8] Undefined variable: status E:\WWW\cmf\Runtime\Cache\Manager\be6858c54b04d66d6f63a575ddc26371.php 第 249 行.
NOTIC: [8] Undefined variable: info E:\WWW\cmf\Runtime\Cache\Manager\be6858c54b04d66d6f63a575ddc26371.php 第 259 行.
NOTIC: [8] Undefined variable: info E:\WWW\cmf\Runtime\Cache\Manager\be6858c54b04d66d6f63a575ddc26371.php 第 266 行.
INFO: Run Behavior\ParseTemplateBehavior [ RunTime:0.009001s ]
INFO: [ view_parse ] --END-- [ RunTime:0.009001s ]
INFO: [ view_filter ] --START--
INFO: Run Behavior\WriteHtmlCacheBehavior [ RunTime:0.000000s ]
INFO: [ view_filter ] --END-- [ RunTime:0.000000s ]
INFO: [ app_end ] --START--
INFO: Run Behavior\ShowPageTraceBehavior [ RunTime:0.000000s ]
INFO: [ app_end ] --END-- [ RunTime:0.000000s ]

[ 2016-11-23T18:50:19+08:00 ] 127.0.0.1 /AdminUser/add.html
INFO: [ app_init ] --START--
INFO: Run Behavior\BuildLiteBehavior [ RunTime:0.000000s ]
INFO: [ app_init ] --END-- [ RunTime:0.000000s ]
NOTIC: [2] mysqli_get_server_info() expects exactly 1 parameter, 0 given E:\WWW\cmf\App\Manager\Conf\config.php 第 17 行.
INFO: [ app_begin ] --START--
INFO: Run Behavior\ReadHtmlCacheBehavior [ RunTime:0.000000s ]
INFO: [ app_begin ] --END-- [ RunTime:0.000000s ]
SQL: SHOW COLUMNS FROM `hx_admin_user` [ RunTime:0.0100s ]
SQL: SHOW COLUMNS FROM `hx_auth_group` [ RunTime:0.0070s ]
SQL: SHOW COLUMNS FROM `hx_auth_group_access` [ RunTime:0.0060s ]
SQL: SELECT * FROM `hx_auth_group` WHERE `status` = 1  [ RunTime:0.0010s ]
INFO: [ view_parse ] --START--
INFO: [ template_filter ] --START--
INFO: Run Behavior\ContentReplaceBehavior [ RunTime:0.000000s ]
INFO: [ template_filter ] --END-- [ RunTime:0.000000s ]
NOTIC: [8] Undefined variable: roleList E:\WWW\cmf\Runtime\Cache\Manager\be6858c54b04d66d6f63a575ddc26371.php 第 243 行.
INFO: Run Behavior\ParseTemplateBehavior [ RunTime:0.009001s ]
INFO: [ view_parse ] --END-- [ RunTime:0.009001s ]
INFO: [ view_filter ] --START--
INFO: Run Behavior\WriteHtmlCacheBehavior [ RunTime:0.000000s ]
INFO: [ view_filter ] --END-- [ RunTime:0.000000s ]
INFO: [ app_end ] --START--
INFO: Run Behavior\ShowPageTraceBehavior [ RunTime:0.001000s ]
INFO: [ app_end ] --END-- [ RunTime:0.001000s ]

